{
  "/Users/yunzng/Downloads/testing/Fakeflix/src/App.js": {
    "path": "/Users/yunzng/Downloads/testing/Fakeflix/src/App.js",
    "statementMap": {
      "0": {
        "start": { "line": 21, "column": 12 },
        "end": { "line": 129, "column": 1 }
      },
      "1": {
        "start": { "line": 23, "column": 24 },
        "end": { "line": 23, "column": 54 }
      },
      "2": {
        "start": { "line": 24, "column": 26 },
        "end": { "line": 24, "column": 58 }
      },
      "3": {
        "start": { "line": 25, "column": 21 },
        "end": { "line": 25, "column": 34 }
      },
      "4": {
        "start": { "line": 26, "column": 21 },
        "end": { "line": 26, "column": 34 }
      },
      "5": {
        "start": { "line": 28, "column": 4 },
        "end": { "line": 30, "column": 18 }
      },
      "6": {
        "start": { "line": 29, "column": 8 },
        "end": { "line": 29, "column": 37 }
      },
      "7": {
        "start": { "line": 32, "column": 4 },
        "end": { "line": 128, "column": 5 }
      },
      "8": {
        "start": { "line": 58, "column": 38 },
        "end": { "line": 60, "column": 54 }
      },
      "9": {
        "start": { "line": 65, "column": 38 },
        "end": { "line": 67, "column": 54 }
      },
      "10": {
        "start": { "line": 72, "column": 43 },
        "end": { "line": 74, "column": 54 }
      },
      "11": {
        "start": { "line": 79, "column": 38 },
        "end": { "line": 79, "column": 91 }
      },
      "12": {
        "start": { "line": 84, "column": 43 },
        "end": { "line": 86, "column": 54 }
      },
      "13": {
        "start": { "line": 91, "column": 38 },
        "end": { "line": 91, "column": 89 }
      },
      "14": {
        "start": { "line": 96, "column": 43 },
        "end": { "line": 98, "column": 54 }
      },
      "15": {
        "start": { "line": 103, "column": 38 },
        "end": { "line": 103, "column": 90 }
      },
      "16": {
        "start": { "line": 108, "column": 43 },
        "end": { "line": 110, "column": 54 }
      },
      "17": {
        "start": { "line": 115, "column": 38 },
        "end": { "line": 115, "column": 89 }
      },
      "18": {
        "start": { "line": 120, "column": 38 },
        "end": { "line": 120, "column": 87 }
      }
    },
    "fnMap": {
      "0": {
        "name": "(anonymous_0)",
        "decl": {
          "start": { "line": 21, "column": 12 },
          "end": { "line": 21, "column": 13 }
        },
        "loc": {
          "start": { "line": 21, "column": 18 },
          "end": { "line": 129, "column": 1 }
        },
        "line": 21
      },
      "1": {
        "name": "(anonymous_1)",
        "decl": {
          "start": { "line": 28, "column": 14 },
          "end": { "line": 28, "column": 15 }
        },
        "loc": {
          "start": { "line": 28, "column": 20 },
          "end": { "line": 30, "column": 5 }
        },
        "line": 28
      },
      "2": {
        "name": "(anonymous_2)",
        "decl": {
          "start": { "line": 58, "column": 32 },
          "end": { "line": 58, "column": 33 }
        },
        "loc": {
          "start": { "line": 58, "column": 38 },
          "end": { "line": 60, "column": 54 }
        },
        "line": 58
      },
      "3": {
        "name": "(anonymous_3)",
        "decl": {
          "start": { "line": 65, "column": 32 },
          "end": { "line": 65, "column": 33 }
        },
        "loc": {
          "start": { "line": 65, "column": 38 },
          "end": { "line": 67, "column": 54 }
        },
        "line": 65
      },
      "4": {
        "name": "(anonymous_4)",
        "decl": {
          "start": { "line": 72, "column": 32 },
          "end": { "line": 72, "column": 33 }
        },
        "loc": {
          "start": { "line": 72, "column": 43 },
          "end": { "line": 74, "column": 54 }
        },
        "line": 72
      },
      "5": {
        "name": "(anonymous_5)",
        "decl": {
          "start": { "line": 79, "column": 32 },
          "end": { "line": 79, "column": 33 }
        },
        "loc": {
          "start": { "line": 79, "column": 38 },
          "end": { "line": 79, "column": 91 }
        },
        "line": 79
      },
      "6": {
        "name": "(anonymous_6)",
        "decl": {
          "start": { "line": 84, "column": 32 },
          "end": { "line": 84, "column": 33 }
        },
        "loc": {
          "start": { "line": 84, "column": 43 },
          "end": { "line": 86, "column": 54 }
        },
        "line": 84
      },
      "7": {
        "name": "(anonymous_7)",
        "decl": {
          "start": { "line": 91, "column": 32 },
          "end": { "line": 91, "column": 33 }
        },
        "loc": {
          "start": { "line": 91, "column": 38 },
          "end": { "line": 91, "column": 89 }
        },
        "line": 91
      },
      "8": {
        "name": "(anonymous_8)",
        "decl": {
          "start": { "line": 96, "column": 32 },
          "end": { "line": 96, "column": 33 }
        },
        "loc": {
          "start": { "line": 96, "column": 43 },
          "end": { "line": 98, "column": 54 }
        },
        "line": 96
      },
      "9": {
        "name": "(anonymous_9)",
        "decl": {
          "start": { "line": 103, "column": 32 },
          "end": { "line": 103, "column": 33 }
        },
        "loc": {
          "start": { "line": 103, "column": 38 },
          "end": { "line": 103, "column": 90 }
        },
        "line": 103
      },
      "10": {
        "name": "(anonymous_10)",
        "decl": {
          "start": { "line": 108, "column": 32 },
          "end": { "line": 108, "column": 33 }
        },
        "loc": {
          "start": { "line": 108, "column": 43 },
          "end": { "line": 110, "column": 54 }
        },
        "line": 108
      },
      "11": {
        "name": "(anonymous_11)",
        "decl": {
          "start": { "line": 115, "column": 32 },
          "end": { "line": 115, "column": 33 }
        },
        "loc": {
          "start": { "line": 115, "column": 38 },
          "end": { "line": 115, "column": 89 }
        },
        "line": 115
      },
      "12": {
        "name": "(anonymous_12)",
        "decl": {
          "start": { "line": 120, "column": 32 },
          "end": { "line": 120, "column": 33 }
        },
        "loc": {
          "start": { "line": 120, "column": 38 },
          "end": { "line": 120, "column": 87 }
        },
        "line": 120
      }
    },
    "branchMap": {
      "0": {
        "loc": {
          "start": { "line": 34, "column": 13 },
          "end": { "line": 39, "column": 13 }
        },
        "type": "binary-expr",
        "locations": [
          {
            "start": { "line": 34, "column": 13 },
            "end": { "line": 34, "column": 24 }
          },
          {
            "start": { "line": 35, "column": 16 },
            "end": { "line": 38, "column": 19 }
          }
        ],
        "line": 34
      },
      "1": {
        "loc": {
          "start": { "line": 58, "column": 38 },
          "end": { "line": 60, "column": 54 }
        },
        "type": "cond-expr",
        "locations": [
          {
            "start": { "line": 59, "column": 31 },
            "end": { "line": 59, "column": 81 }
          },
          {
            "start": { "line": 60, "column": 30 },
            "end": { "line": 60, "column": 54 }
          }
        ],
        "line": 58
      },
      "2": {
        "loc": {
          "start": { "line": 59, "column": 31 },
          "end": { "line": 59, "column": 81 }
        },
        "type": "binary-expr",
        "locations": [
          {
            "start": { "line": 59, "column": 31 },
            "end": { "line": 59, "column": 44 }
          },
          {
            "start": { "line": 59, "column": 48 },
            "end": { "line": 59, "column": 81 }
          }
        ],
        "line": 59
      },
      "3": {
        "loc": {
          "start": { "line": 65, "column": 38 },
          "end": { "line": 67, "column": 54 }
        },
        "type": "cond-expr",
        "locations": [
          {
            "start": { "line": 66, "column": 30 },
            "end": { "line": 66, "column": 42 }
          },
          {
            "start": { "line": 67, "column": 30 },
            "end": { "line": 67, "column": 54 }
          }
        ],
        "line": 65
      },
      "4": {
        "loc": {
          "start": { "line": 72, "column": 43 },
          "end": { "line": 74, "column": 54 }
        },
        "type": "cond-expr",
        "locations": [
          {
            "start": { "line": 73, "column": 30 },
            "end": { "line": 73, "column": 53 }
          },
          {
            "start": { "line": 74, "column": 30 },
            "end": { "line": 74, "column": 54 }
          }
        ],
        "line": 72
      },
      "5": {
        "loc": {
          "start": { "line": 79, "column": 38 },
          "end": { "line": 79, "column": 91 }
        },
        "type": "cond-expr",
        "locations": [
          {
            "start": { "line": 79, "column": 52 },
            "end": { "line": 79, "column": 64 }
          },
          {
            "start": { "line": 79, "column": 67 },
            "end": { "line": 79, "column": 91 }
          }
        ],
        "line": 79
      },
      "6": {
        "loc": {
          "start": { "line": 84, "column": 43 },
          "end": { "line": 86, "column": 54 }
        },
        "type": "cond-expr",
        "locations": [
          {
            "start": { "line": 85, "column": 30 },
            "end": { "line": 85, "column": 53 }
          },
          {
            "start": { "line": 86, "column": 30 },
            "end": { "line": 86, "column": 54 }
          }
        ],
        "line": 84
      },
      "7": {
        "loc": {
          "start": { "line": 91, "column": 38 },
          "end": { "line": 91, "column": 89 }
        },
        "type": "cond-expr",
        "locations": [
          {
            "start": { "line": 91, "column": 52 },
            "end": { "line": 91, "column": 62 }
          },
          {
            "start": { "line": 91, "column": 65 },
            "end": { "line": 91, "column": 89 }
          }
        ],
        "line": 91
      },
      "8": {
        "loc": {
          "start": { "line": 96, "column": 43 },
          "end": { "line": 98, "column": 54 }
        },
        "type": "cond-expr",
        "locations": [
          {
            "start": { "line": 97, "column": 30 },
            "end": { "line": 97, "column": 53 }
          },
          {
            "start": { "line": 98, "column": 30 },
            "end": { "line": 98, "column": 54 }
          }
        ],
        "line": 96
      },
      "9": {
        "loc": {
          "start": { "line": 103, "column": 38 },
          "end": { "line": 103, "column": 90 }
        },
        "type": "cond-expr",
        "locations": [
          {
            "start": { "line": 103, "column": 52 },
            "end": { "line": 103, "column": 63 }
          },
          {
            "start": { "line": 103, "column": 66 },
            "end": { "line": 103, "column": 90 }
          }
        ],
        "line": 103
      },
      "10": {
        "loc": {
          "start": { "line": 108, "column": 43 },
          "end": { "line": 110, "column": 54 }
        },
        "type": "cond-expr",
        "locations": [
          {
            "start": { "line": 109, "column": 30 },
            "end": { "line": 109, "column": 53 }
          },
          {
            "start": { "line": 110, "column": 30 },
            "end": { "line": 110, "column": 54 }
          }
        ],
        "line": 108
      },
      "11": {
        "loc": {
          "start": { "line": 115, "column": 38 },
          "end": { "line": 115, "column": 89 }
        },
        "type": "cond-expr",
        "locations": [
          {
            "start": { "line": 115, "column": 52 },
            "end": { "line": 115, "column": 62 }
          },
          {
            "start": { "line": 115, "column": 65 },
            "end": { "line": 115, "column": 89 }
          }
        ],
        "line": 115
      },
      "12": {
        "loc": {
          "start": { "line": 120, "column": 38 },
          "end": { "line": 120, "column": 87 }
        },
        "type": "cond-expr",
        "locations": [
          {
            "start": { "line": 120, "column": 52 },
            "end": { "line": 120, "column": 76 }
          },
          {
            "start": { "line": 120, "column": 79 },
            "end": { "line": 120, "column": 87 }
          }
        ],
        "line": 120
      }
    },
    "s": {
      "0": 0,
      "1": 0,
      "2": 0,
      "3": 0,
      "4": 0,
      "5": 0,
      "6": 0,
      "7": 0,
      "8": 0,
      "9": 0,
      "10": 0,
      "11": 0,
      "12": 0,
      "13": 0,
      "14": 0,
      "15": 0,
      "16": 0,
      "17": 0,
      "18": 0
    },
    "f": {
      "0": 0,
      "1": 0,
      "2": 0,
      "3": 0,
      "4": 0,
      "5": 0,
      "6": 0,
      "7": 0,
      "8": 0,
      "9": 0,
      "10": 0,
      "11": 0,
      "12": 0
    },
    "b": {
      "0": [0, 0],
      "1": [0, 0],
      "2": [0, 0],
      "3": [0, 0],
      "4": [0, 0],
      "5": [0, 0],
      "6": [0, 0],
      "7": [0, 0],
      "8": [0, 0],
      "9": [0, 0],
      "10": [0, 0],
      "11": [0, 0],
      "12": [0, 0]
    }
  },
  "/Users/yunzng/Downloads/testing/Fakeflix/src/axiosInstance.js": {
    "path": "/Users/yunzng/Downloads/testing/Fakeflix/src/axiosInstance.js",
    "statementMap": {
      "0": {
        "start": { "line": 3, "column": 17 },
        "end": { "line": 5, "column": 2 }
      }
    },
    "fnMap": {},
    "branchMap": {},
    "s": { "0": 0 },
    "f": {},
    "b": {}
  },
  "/Users/yunzng/Downloads/testing/Fakeflix/src/dataConfig.js": {
    "path": "/Users/yunzng/Downloads/testing/Fakeflix/src/dataConfig.js",
    "statementMap": {
      "0": {
        "start": { "line": 50, "column": 4 },
        "end": { "line": 50, "column": 12 }
      },
      "1": {
        "start": { "line": 52, "column": 36 },
        "end": { "line": 134, "column": 1 }
      },
      "2": {
        "start": { "line": 136, "column": 37 },
        "end": { "line": 218, "column": 1 }
      },
      "3": {
        "start": { "line": 220, "column": 38 },
        "end": { "line": 245, "column": 1 }
      },
      "4": {
        "start": { "line": 247, "column": 26 },
        "end": { "line": 356, "column": 1 }
      }
    },
    "fnMap": {},
    "branchMap": {},
    "s": { "0": 0, "1": 0, "2": 0, "3": 0, "4": 0 },
    "f": {},
    "b": {}
  },
  "/Users/yunzng/Downloads/testing/Fakeflix/src/motionUtils.js": {
    "path": "/Users/yunzng/Downloads/testing/Fakeflix/src/motionUtils.js",
    "statementMap": {
      "0": {
        "start": { "line": 1, "column": 29 },
        "end": { "line": 1, "column": 53 }
      },
      "1": {
        "start": { "line": 3, "column": 27 },
        "end": { "line": 5, "column": 1 }
      },
      "2": {
        "start": { "line": 7, "column": 26 },
        "end": { "line": 9, "column": 1 }
      },
      "3": {
        "start": { "line": 11, "column": 29 },
        "end": { "line": 14, "column": 1 }
      },
      "4": {
        "start": { "line": 16, "column": 36 },
        "end": { "line": 19, "column": 1 }
      },
      "5": {
        "start": { "line": 21, "column": 37 },
        "end": { "line": 24, "column": 1 }
      },
      "6": {
        "start": { "line": 26, "column": 36 },
        "end": { "line": 29, "column": 1 }
      },
      "7": {
        "start": { "line": 31, "column": 36 },
        "end": { "line": 34, "column": 1 }
      },
      "8": {
        "start": { "line": 36, "column": 36 },
        "end": { "line": 40, "column": 1 }
      },
      "9": {
        "start": { "line": 42, "column": 36 },
        "end": { "line": 46, "column": 1 }
      },
      "10": {
        "start": { "line": 48, "column": 47 },
        "end": { "line": 52, "column": 1 }
      },
      "11": {
        "start": { "line": 54, "column": 38 },
        "end": { "line": 58, "column": 1 }
      },
      "12": {
        "start": { "line": 60, "column": 38 },
        "end": { "line": 64, "column": 1 }
      },
      "13": {
        "start": { "line": 66, "column": 39 },
        "end": { "line": 70, "column": 1 }
      },
      "14": {
        "start": { "line": 72, "column": 41 },
        "end": { "line": 76, "column": 1 }
      }
    },
    "fnMap": {},
    "branchMap": {},
    "s": {
      "0": 1,
      "1": 1,
      "2": 1,
      "3": 1,
      "4": 1,
      "5": 1,
      "6": 1,
      "7": 1,
      "8": 1,
      "9": 1,
      "10": 1,
      "11": 1,
      "12": 1,
      "13": 1,
      "14": 1
    },
    "f": {},
    "b": {},
    "_coverageSchema": "1a1c01bbd47fc00a2c39e90264f33305004495a9",
    "hash": "12a8d84fcf921f4e14bee5c93ade4ea45aa1c513"
  },
  "/Users/yunzng/Downloads/testing/Fakeflix/src/requests.js": {
    "path": "/Users/yunzng/Downloads/testing/Fakeflix/src/requests.js",
    "statementMap": {
      "0": {
        "start": { "line": 3, "column": 31 },
        "end": { "line": 3, "column": 59 }
      },
      "1": {
        "start": { "line": 4, "column": 33 },
        "end": { "line": 4, "column": 87 }
      },
      "2": {
        "start": { "line": 5, "column": 31 },
        "end": { "line": 5, "column": 88 }
      },
      "3": {
        "start": { "line": 6, "column": 20 },
        "end": { "line": 6, "column": 27 }
      },
      "4": {
        "start": { "line": 7, "column": 22 },
        "end": { "line": 7, "column": 26 }
      },
      "5": {
        "start": { "line": 8, "column": 28 },
        "end": { "line": 8, "column": 65 }
      },
      "6": {
        "start": { "line": 9, "column": 32 },
        "end": { "line": 9, "column": 79 }
      },
      "7": {
        "start": { "line": 10, "column": 24 },
        "end": { "line": 10, "column": 69 }
      },
      "8": {
        "start": { "line": 11, "column": 31 },
        "end": { "line": 11, "column": 83 }
      },
      "9": {
        "start": { "line": 12, "column": 31 },
        "end": { "line": 12, "column": 82 }
      },
      "10": {
        "start": { "line": 13, "column": 32 },
        "end": { "line": 13, "column": 80 }
      },
      "11": {
        "start": { "line": 14, "column": 31 },
        "end": { "line": 14, "column": 77 }
      },
      "12": {
        "start": { "line": 15, "column": 20 },
        "end": { "line": 15, "column": 47 }
      },
      "13": {
        "start": { "line": 16, "column": 30 },
        "end": { "line": 16, "column": 41 }
      },
      "14": {
        "start": { "line": 18, "column": 17 },
        "end": { "line": 46, "column": 1 }
      }
    },
    "fnMap": {},
    "branchMap": {},
    "s": {
      "0": 1,
      "1": 1,
      "2": 1,
      "3": 1,
      "4": 1,
      "5": 1,
      "6": 1,
      "7": 1,
      "8": 1,
      "9": 1,
      "10": 1,
      "11": 1,
      "12": 1,
      "13": 1,
      "14": 1
    },
    "f": {},
    "b": {},
    "_coverageSchema": "1a1c01bbd47fc00a2c39e90264f33305004495a9",
    "hash": "c3fce10487ab1f7233690e3e57b8d3c6fab4a3e9"
  },
  "/Users/yunzng/Downloads/testing/Fakeflix/src/setupTests.js": {
    "path": "/Users/yunzng/Downloads/testing/Fakeflix/src/setupTests.js",
    "statementMap": {},
    "fnMap": {},
    "branchMap": {},
    "s": {},
    "f": {},
    "b": {}
  },
  "/Users/yunzng/Downloads/testing/Fakeflix/src/utils.js": {
    "path": "/Users/yunzng/Downloads/testing/Fakeflix/src/utils.js",
    "statementMap": {
      "0": {
        "start": { "line": 1, "column": 41 },
        "end": { "line": 7, "column": 1 }
      },
      "1": {
        "start": { "line": 2, "column": 15 },
        "end": { "line": 2, "column": 25 }
      },
      "2": {
        "start": { "line": 3, "column": 4 },
        "end": { "line": 3, "column": 39 }
      },
      "3": {
        "start": { "line": 4, "column": 24 },
        "end": { "line": 4, "column": 49 }
      },
      "4": {
        "start": { "line": 6, "column": 4 },
        "end": { "line": 6, "column": 25 }
      },
      "5": {
        "start": { "line": 9, "column": 30 },
        "end": { "line": 9, "column": 53 }
      },
      "6": {
        "start": { "line": 9, "column": 38 },
        "end": { "line": 9, "column": 53 }
      },
      "7": {
        "start": { "line": 11, "column": 37 },
        "end": { "line": 13, "column": 1 }
      },
      "8": {
        "start": { "line": 12, "column": 4 },
        "end": { "line": 12, "column": 48 }
      },
      "9": {
        "start": { "line": 15, "column": 25 },
        "end": { "line": 17, "column": 1 }
      },
      "10": {
        "start": { "line": 16, "column": 4 },
        "end": { "line": 16, "column": 47 }
      },
      "11": {
        "start": { "line": 19, "column": 24 },
        "end": { "line": 21, "column": 1 }
      },
      "12": {
        "start": { "line": 20, "column": 4 },
        "end": { "line": 20, "column": 59 }
      }
    },
    "fnMap": {
      "0": {
        "name": "(anonymous_0)",
        "decl": {
          "start": { "line": 1, "column": 41 },
          "end": { "line": 1, "column": 42 }
        },
        "loc": {
          "start": { "line": 1, "column": 47 },
          "end": { "line": 7, "column": 1 }
        },
        "line": 1
      },
      "1": {
        "name": "(anonymous_1)",
        "decl": {
          "start": { "line": 9, "column": 30 },
          "end": { "line": 9, "column": 31 }
        },
        "loc": {
          "start": { "line": 9, "column": 38 },
          "end": { "line": 9, "column": 53 }
        },
        "line": 9
      },
      "2": {
        "name": "(anonymous_2)",
        "decl": {
          "start": { "line": 11, "column": 37 },
          "end": { "line": 11, "column": 38 }
        },
        "loc": {
          "start": { "line": 12, "column": 4 },
          "end": { "line": 12, "column": 48 }
        },
        "line": 12
      },
      "3": {
        "name": "(anonymous_3)",
        "decl": {
          "start": { "line": 15, "column": 25 },
          "end": { "line": 15, "column": 26 }
        },
        "loc": {
          "start": { "line": 16, "column": 4 },
          "end": { "line": 16, "column": 47 }
        },
        "line": 16
      },
      "4": {
        "name": "(anonymous_4)",
        "decl": {
          "start": { "line": 19, "column": 24 },
          "end": { "line": 19, "column": 25 }
        },
        "loc": {
          "start": { "line": 20, "column": 4 },
          "end": { "line": 20, "column": 59 }
        },
        "line": 20
      }
    },
    "branchMap": {
      "0": {
        "loc": {
          "start": { "line": 20, "column": 4 },
          "end": { "line": 20, "column": 59 }
        },
        "type": "cond-expr",
        "locations": [
          {
            "start": { "line": 20, "column": 23 },
            "end": { "line": 20, "column": 52 }
          },
          {
            "start": { "line": 20, "column": 55 },
            "end": { "line": 20, "column": 59 }
          }
        ],
        "line": 20
      }
    },
    "s": {
      "0": 1,
      "1": 1,
      "2": 1,
      "3": 1,
      "4": 1,
      "5": 1,
      "6": 0,
      "7": 1,
      "8": 0,
      "9": 1,
      "10": 0,
      "11": 1,
      "12": 0
    },
    "f": { "0": 1, "1": 0, "2": 0, "3": 0, "4": 0 },
    "b": { "0": [0, 0] },
    "_coverageSchema": "1a1c01bbd47fc00a2c39e90264f33305004495a9",
    "hash": "2915a79da76a537bed8c7f2941a52f6a979d8c95"
  },
  "/Users/yunzng/Downloads/testing/Fakeflix/src/components/Banner/Banner.jsx": {
    "path": "/Users/yunzng/Downloads/testing/Fakeflix/src/components/Banner/Banner.jsx",
    "statementMap": {
      "0": {
        "start": { "line": 16, "column": 15 },
        "end": { "line": 100, "column": 1 }
      },
      "1": {
        "start": { "line": 18, "column": 1 },
        "end": { "line": 28, "column": 2 }
      },
      "2": {
        "start": { "line": 20, "column": 3 },
        "end": { "line": 20, "column": 35 }
      },
      "3": {
        "start": { "line": 21, "column": 3 },
        "end": { "line": 21, "column": 9 }
      },
      "4": {
        "start": { "line": 23, "column": 3 },
        "end": { "line": 23, "column": 34 }
      },
      "5": {
        "start": { "line": 24, "column": 3 },
        "end": { "line": 24, "column": 9 }
      },
      "6": {
        "start": { "line": 26, "column": 3 },
        "end": { "line": 26, "column": 34 }
      },
      "7": {
        "start": { "line": 27, "column": 3 },
        "end": { "line": 27, "column": 9 }
      },
      "8": {
        "start": { "line": 30, "column": 16 },
        "end": { "line": 30, "column": 37 }
      },
      "9": {
        "start": { "line": 31, "column": 43 },
        "end": { "line": 31, "column": 49 }
      },
      "10": {
        "start": { "line": 32, "column": 19 },
        "end": { "line": 32, "column": 46 }
      },
      "11": {
        "start": { "line": 33, "column": 23 },
        "end": { "line": 33, "column": 86 }
      },
      "12": {
        "start": { "line": 34, "column": 21 },
        "end": { "line": 34, "column": 55 }
      },
      "13": {
        "start": { "line": 35, "column": 18 },
        "end": { "line": 35, "column": 31 }
      },
      "14": {
        "start": { "line": 37, "column": 29 },
        "end": { "line": 39, "column": 2 }
      },
      "15": {
        "start": { "line": 38, "column": 2 },
        "end": { "line": 38, "column": 26 }
      },
      "16": {
        "start": { "line": 41, "column": 28 },
        "end": { "line": 43, "column": 2 }
      },
      "17": {
        "start": { "line": 42, "column": 2 },
        "end": { "line": 42, "column": 61 }
      },
      "18": {
        "start": { "line": 45, "column": 1 },
        "end": { "line": 99, "column": 2 }
      }
    },
    "fnMap": {
      "0": {
        "name": "(anonymous_0)",
        "decl": {
          "start": { "line": 16, "column": 15 },
          "end": { "line": 16, "column": 16 }
        },
        "loc": {
          "start": { "line": 16, "column": 29 },
          "end": { "line": 100, "column": 1 }
        },
        "line": 16
      },
      "1": {
        "name": "(anonymous_1)",
        "decl": {
          "start": { "line": 37, "column": 29 },
          "end": { "line": 37, "column": 30 }
        },
        "loc": {
          "start": { "line": 37, "column": 38 },
          "end": { "line": 39, "column": 2 }
        },
        "line": 37
      },
      "2": {
        "name": "(anonymous_2)",
        "decl": {
          "start": { "line": 41, "column": 28 },
          "end": { "line": 41, "column": 29 }
        },
        "loc": {
          "start": { "line": 41, "column": 34 },
          "end": { "line": 43, "column": 2 }
        },
        "line": 41
      }
    },
    "branchMap": {
      "0": {
        "loc": {
          "start": { "line": 18, "column": 1 },
          "end": { "line": 28, "column": 2 }
        },
        "type": "switch",
        "locations": [
          {
            "start": { "line": 19, "column": 2 },
            "end": { "line": 21, "column": 9 }
          },
          {
            "start": { "line": 22, "column": 2 },
            "end": { "line": 24, "column": 9 }
          },
          {
            "start": { "line": 25, "column": 2 },
            "end": { "line": 27, "column": 9 }
          }
        ],
        "line": 18
      },
      "1": {
        "loc": {
          "start": { "line": 33, "column": 23 },
          "end": { "line": 33, "column": 86 }
        },
        "type": "binary-expr",
        "locations": [
          {
            "start": { "line": 33, "column": 23 },
            "end": { "line": 33, "column": 39 }
          },
          {
            "start": { "line": 33, "column": 43 },
            "end": { "line": 33, "column": 58 }
          },
          {
            "start": { "line": 33, "column": 62 },
            "end": { "line": 33, "column": 86 }
          }
        ],
        "line": 33
      },
      "2": {
        "loc": {
          "start": { "line": 54, "column": 5 },
          "end": { "line": 54, "column": 34 }
        },
        "type": "binary-expr",
        "locations": [
          {
            "start": { "line": 54, "column": 5 },
            "end": { "line": 54, "column": 12 }
          },
          {
            "start": { "line": 54, "column": 16 },
            "end": { "line": 54, "column": 34 }
          }
        ],
        "line": 54
      },
      "3": {
        "loc": {
          "start": { "line": 55, "column": 5 },
          "end": { "line": 55, "column": 69 }
        },
        "type": "binary-expr",
        "locations": [
          {
            "start": { "line": 55, "column": 5 },
            "end": { "line": 55, "column": 10 }
          },
          {
            "start": { "line": 55, "column": 14 },
            "end": { "line": 55, "column": 69 }
          }
        ],
        "line": 55
      },
      "4": {
        "loc": {
          "start": { "line": 58, "column": 4 },
          "end": { "line": 97, "column": 4 }
        },
        "type": "binary-expr",
        "locations": [
          {
            "start": { "line": 58, "column": 4 },
            "end": { "line": 58, "column": 12 }
          },
          {
            "start": { "line": 58, "column": 16 },
            "end": { "line": 58, "column": 25 }
          },
          {
            "start": { "line": 59, "column": 4 },
            "end": { "line": 96, "column": 20 }
          }
        ],
        "line": 58
      }
    },
    "s": {
      "0": 0,
      "1": 0,
      "2": 0,
      "3": 0,
      "4": 0,
      "5": 0,
      "6": 0,
      "7": 0,
      "8": 0,
      "9": 0,
      "10": 0,
      "11": 0,
      "12": 0,
      "13": 0,
      "14": 0,
      "15": 0,
      "16": 0,
      "17": 0,
      "18": 0
    },
    "f": { "0": 0, "1": 0, "2": 0 },
    "b": {
      "0": [0, 0, 0],
      "1": [0, 0, 0],
      "2": [0, 0],
      "3": [0, 0],
      "4": [0, 0, 0]
    }
  },
  "/Users/yunzng/Downloads/testing/Fakeflix/src/components/Credits/Credits.jsx": {
    "path": "/Users/yunzng/Downloads/testing/Fakeflix/src/components/Credits/Credits.jsx",
    "statementMap": {
      "0": {
        "start": { "line": 6, "column": 16 },
        "end": { "line": 22, "column": 1 }
      },
      "1": {
        "start": { "line": 7, "column": 1 },
        "end": { "line": 21, "column": 2 }
      }
    },
    "fnMap": {
      "0": {
        "name": "(anonymous_0)",
        "decl": {
          "start": { "line": 6, "column": 16 },
          "end": { "line": 6, "column": 17 }
        },
        "loc": {
          "start": { "line": 6, "column": 22 },
          "end": { "line": 22, "column": 1 }
        },
        "line": 6
      }
    },
    "branchMap": {},
    "s": { "0": 0, "1": 0 },
    "f": { "0": 0 },
    "b": {}
  },
  "/Users/yunzng/Downloads/testing/Fakeflix/src/components/DetailModal/DetailModal.jsx": {
    "path": "/Users/yunzng/Downloads/testing/Fakeflix/src/components/DetailModal/DetailModal.jsx",
    "statementMap": {
      "0": {
        "start": { "line": 16, "column": 20 },
        "end": { "line": 131, "column": 1 }
      },
      "1": {
        "start": { "line": 18, "column": 18 },
        "end": { "line": 18, "column": 31 }
      },
      "2": {
        "start": { "line": 19, "column": 21 },
        "end": { "line": 19, "column": 50 }
      },
      "3": {
        "start": { "line": 20, "column": 22 },
        "end": { "line": 20, "column": 53 }
      },
      "4": {
        "start": { "line": 21, "column": 26 },
        "end": { "line": 21, "column": 59 }
      },
      "5": {
        "start": { "line": 21, "column": 32 },
        "end": { "line": 21, "column": 59 }
      },
      "6": {
        "start": { "line": 22, "column": 152 },
        "end": { "line": 22, "column": 164 }
      },
      "7": {
        "start": { "line": 23, "column": 22 },
        "end": { "line": 23, "column": 84 }
      },
      "8": {
        "start": { "line": 24, "column": 24 },
        "end": { "line": 24, "column": 124 }
      },
      "9": {
        "start": { "line": 25, "column": 21 },
        "end": { "line": 25, "column": 132 }
      },
      "10": {
        "start": { "line": 26, "column": 18 },
        "end": { "line": 26, "column": 26 }
      },
      "11": {
        "start": { "line": 28, "column": 19 },
        "end": { "line": 31, "column": 2 }
      },
      "12": {
        "start": { "line": 29, "column": 2 },
        "end": { "line": 29, "column": 26 }
      },
      "13": {
        "start": { "line": 30, "column": 2 },
        "end": { "line": 30, "column": 62 }
      },
      "14": {
        "start": { "line": 32, "column": 22 },
        "end": { "line": 36, "column": 2 }
      },
      "15": {
        "start": { "line": 33, "column": 2 },
        "end": { "line": 33, "column": 26 }
      },
      "16": {
        "start": { "line": 34, "column": 2 },
        "end": { "line": 34, "column": 67 }
      },
      "17": {
        "start": { "line": 35, "column": 2 },
        "end": { "line": 35, "column": 39 }
      },
      "18": {
        "start": { "line": 35, "column": 20 },
        "end": { "line": 35, "column": 39 }
      },
      "19": {
        "start": { "line": 37, "column": 29 },
        "end": { "line": 40, "column": 2 }
      },
      "20": {
        "start": { "line": 38, "column": 2 },
        "end": { "line": 38, "column": 26 }
      },
      "21": {
        "start": { "line": 39, "column": 2 },
        "end": { "line": 39, "column": 21 }
      },
      "22": {
        "start": { "line": 41, "column": 1 },
        "end": { "line": 43, "column": 4 }
      },
      "23": {
        "start": { "line": 42, "column": 2 },
        "end": { "line": 42, "column": 39 }
      },
      "24": {
        "start": { "line": 42, "column": 20 },
        "end": { "line": 42, "column": 39 }
      },
      "25": {
        "start": { "line": 45, "column": 1 },
        "end": { "line": 130, "column": 2 }
      }
    },
    "fnMap": {
      "0": {
        "name": "(anonymous_0)",
        "decl": {
          "start": { "line": 16, "column": 20 },
          "end": { "line": 16, "column": 21 }
        },
        "loc": {
          "start": { "line": 16, "column": 26 },
          "end": { "line": 131, "column": 1 }
        },
        "line": 16
      },
      "1": {
        "name": "(anonymous_1)",
        "decl": {
          "start": { "line": 21, "column": 26 },
          "end": { "line": 21, "column": 27 }
        },
        "loc": {
          "start": { "line": 21, "column": 32 },
          "end": { "line": 21, "column": 59 }
        },
        "line": 21
      },
      "2": {
        "name": "(anonymous_2)",
        "decl": {
          "start": { "line": 28, "column": 19 },
          "end": { "line": 28, "column": 20 }
        },
        "loc": {
          "start": { "line": 28, "column": 30 },
          "end": { "line": 31, "column": 2 }
        },
        "line": 28
      },
      "3": {
        "name": "(anonymous_3)",
        "decl": {
          "start": { "line": 32, "column": 22 },
          "end": { "line": 32, "column": 23 }
        },
        "loc": {
          "start": { "line": 32, "column": 33 },
          "end": { "line": 36, "column": 2 }
        },
        "line": 32
      },
      "4": {
        "name": "(anonymous_4)",
        "decl": {
          "start": { "line": 37, "column": 29 },
          "end": { "line": 37, "column": 30 }
        },
        "loc": {
          "start": { "line": 37, "column": 38 },
          "end": { "line": 40, "column": 2 }
        },
        "line": 37
      },
      "5": {
        "name": "(anonymous_5)",
        "decl": {
          "start": { "line": 41, "column": 27 },
          "end": { "line": 41, "column": 28 }
        },
        "loc": {
          "start": { "line": 41, "column": 33 },
          "end": { "line": 43, "column": 2 }
        },
        "line": 41
      }
    },
    "branchMap": {
      "0": {
        "loc": {
          "start": { "line": 23, "column": 22 },
          "end": { "line": 23, "column": 84 }
        },
        "type": "cond-expr",
        "locations": [
          {
            "start": { "line": 23, "column": 40 },
            "end": { "line": 23, "column": 66 }
          },
          {
            "start": { "line": 23, "column": 69 },
            "end": { "line": 23, "column": 84 }
          }
        ],
        "line": 23
      },
      "1": {
        "loc": {
          "start": { "line": 24, "column": 24 },
          "end": { "line": 24, "column": 124 }
        },
        "type": "cond-expr",
        "locations": [
          {
            "start": { "line": 24, "column": 46 },
            "end": { "line": 24, "column": 61 }
          },
          {
            "start": { "line": 24, "column": 64 },
            "end": { "line": 24, "column": 124 }
          }
        ],
        "line": 24
      },
      "2": {
        "loc": {
          "start": { "line": 24, "column": 64 },
          "end": { "line": 24, "column": 124 }
        },
        "type": "cond-expr",
        "locations": [
          {
            "start": { "line": 24, "column": 72 },
            "end": { "line": 24, "column": 98 }
          },
          {
            "start": { "line": 24, "column": 101 },
            "end": { "line": 24, "column": 124 }
          }
        ],
        "line": 24
      },
      "3": {
        "loc": {
          "start": { "line": 25, "column": 21 },
          "end": { "line": 25, "column": 132 }
        },
        "type": "cond-expr",
        "locations": [
          {
            "start": { "line": 25, "column": 36 },
            "end": { "line": 25, "column": 64 }
          },
          {
            "start": { "line": 25, "column": 67 },
            "end": { "line": 25, "column": 132 }
          }
        ],
        "line": 25
      },
      "4": {
        "loc": {
          "start": { "line": 25, "column": 67 },
          "end": { "line": 25, "column": 132 }
        },
        "type": "cond-expr",
        "locations": [
          {
            "start": { "line": 25, "column": 84 },
            "end": { "line": 25, "column": 114 }
          },
          {
            "start": { "line": 25, "column": 117 },
            "end": { "line": 25, "column": 132 }
          }
        ],
        "line": 25
      },
      "5": {
        "loc": {
          "start": { "line": 35, "column": 2 },
          "end": { "line": 35, "column": 39 }
        },
        "type": "if",
        "locations": [
          {
            "start": { "line": 35, "column": 2 },
            "end": { "line": 35, "column": 39 }
          },
          { "start": {}, "end": {} }
        ],
        "line": 35
      },
      "6": {
        "loc": {
          "start": { "line": 42, "column": 2 },
          "end": { "line": 42, "column": 39 }
        },
        "type": "if",
        "locations": [
          {
            "start": { "line": 42, "column": 2 },
            "end": { "line": 42, "column": 39 }
          },
          { "start": {}, "end": {} }
        ],
        "line": 42
      },
      "7": {
        "loc": {
          "start": { "line": 47, "column": 4 },
          "end": { "line": 128, "column": 4 }
        },
        "type": "binary-expr",
        "locations": [
          {
            "start": { "line": 47, "column": 4 },
            "end": { "line": 47, "column": 16 }
          },
          {
            "start": { "line": 48, "column": 4 },
            "end": { "line": 127, "column": 7 }
          }
        ],
        "line": 47
      },
      "8": {
        "loc": {
          "start": { "line": 55, "column": 35 },
          "end": { "line": 55, "column": 68 }
        },
        "type": "binary-expr",
        "locations": [
          {
            "start": { "line": 55, "column": 35 },
            "end": { "line": 55, "column": 46 }
          },
          {
            "start": { "line": 55, "column": 50 },
            "end": { "line": 55, "column": 68 }
          }
        ],
        "line": 55
      },
      "9": {
        "loc": {
          "start": { "line": 61, "column": 32 },
          "end": { "line": 61, "column": 65 }
        },
        "type": "binary-expr",
        "locations": [
          {
            "start": { "line": 61, "column": 32 },
            "end": { "line": 61, "column": 43 }
          },
          {
            "start": { "line": 61, "column": 47 },
            "end": { "line": 61, "column": 65 }
          }
        ],
        "line": 61
      },
      "10": {
        "loc": {
          "start": { "line": 73, "column": 14 },
          "end": { "line": 73, "column": 83 }
        },
        "type": "cond-expr",
        "locations": [
          {
            "start": { "line": 73, "column": 30 },
            "end": { "line": 73, "column": 64 }
          },
          {
            "start": { "line": 73, "column": 67 },
            "end": { "line": 73, "column": 83 }
          }
        ],
        "line": 73
      },
      "11": {
        "loc": {
          "start": { "line": 85, "column": 10 },
          "end": { "line": 94, "column": 11 }
        },
        "type": "cond-expr",
        "locations": [
          {
            "start": { "line": 87, "column": 11 },
            "end": { "line": 89, "column": 20 }
          },
          {
            "start": { "line": 91, "column": 11 },
            "end": { "line": 93, "column": 20 }
          }
        ],
        "line": 85
      },
      "12": {
        "loc": {
          "start": { "line": 108, "column": 11 },
          "end": { "line": 108, "column": 63 }
        },
        "type": "cond-expr",
        "locations": [
          {
            "start": { "line": 108, "column": 26 },
            "end": { "line": 108, "column": 42 }
          },
          {
            "start": { "line": 108, "column": 45 },
            "end": { "line": 108, "column": 63 }
          }
        ],
        "line": 108
      },
      "13": {
        "loc": {
          "start": { "line": 114, "column": 57 },
          "end": { "line": 114, "column": 88 }
        },
        "type": "binary-expr",
        "locations": [
          {
            "start": { "line": 114, "column": 57 },
            "end": { "line": 114, "column": 69 }
          },
          {
            "start": { "line": 114, "column": 73 },
            "end": { "line": 114, "column": 88 }
          }
        ],
        "line": 114
      }
    },
    "s": {
      "0": 0,
      "1": 0,
      "2": 0,
      "3": 0,
      "4": 0,
      "5": 0,
      "6": 0,
      "7": 0,
      "8": 0,
      "9": 0,
      "10": 0,
      "11": 0,
      "12": 0,
      "13": 0,
      "14": 0,
      "15": 0,
      "16": 0,
      "17": 0,
      "18": 0,
      "19": 0,
      "20": 0,
      "21": 0,
      "22": 0,
      "23": 0,
      "24": 0,
      "25": 0
    },
    "f": { "0": 0, "1": 0, "2": 0, "3": 0, "4": 0, "5": 0 },
    "b": {
      "0": [0, 0],
      "1": [0, 0],
      "2": [0, 0],
      "3": [0, 0],
      "4": [0, 0],
      "5": [0, 0],
      "6": [0, 0],
      "7": [0, 0],
      "8": [0, 0],
      "9": [0, 0],
      "10": [0, 0],
      "11": [0, 0],
      "12": [0, 0],
      "13": [0, 0]
    }
  },
  "/Users/yunzng/Downloads/testing/Fakeflix/src/components/InputField/InputField.jsx": {
    "path": "/Users/yunzng/Downloads/testing/Fakeflix/src/components/InputField/InputField.jsx",
    "statementMap": {
      "0": {
        "start": { "line": 3, "column": 19 },
        "end": { "line": 31, "column": 1 }
      },
      "1": {
        "start": { "line": 13, "column": 4 },
        "end": { "line": 30, "column": 5 }
      }
    },
    "fnMap": {
      "0": {
        "name": "(anonymous_0)",
        "decl": {
          "start": { "line": 3, "column": 19 },
          "end": { "line": 3, "column": 20 }
        },
        "loc": {
          "start": { "line": 12, "column": 6 },
          "end": { "line": 31, "column": 1 }
        },
        "line": 12
      }
    },
    "branchMap": {
      "0": {
        "loc": {
          "start": { "line": 20, "column": 22 },
          "end": { "line": 20, "column": 54 }
        },
        "type": "binary-expr",
        "locations": [
          {
            "start": { "line": 20, "column": 22 },
            "end": { "line": 20, "column": 36 }
          },
          {
            "start": { "line": 20, "column": 40 },
            "end": { "line": 20, "column": 54 }
          }
        ],
        "line": 20
      },
      "1": {
        "loc": {
          "start": { "line": 21, "column": 22 },
          "end": { "line": 21, "column": 56 }
        },
        "type": "binary-expr",
        "locations": [
          {
            "start": { "line": 21, "column": 22 },
            "end": { "line": 21, "column": 37 }
          },
          {
            "start": { "line": 21, "column": 41 },
            "end": { "line": 21, "column": 56 }
          }
        ],
        "line": 21
      },
      "2": {
        "loc": {
          "start": { "line": 26, "column": 13 },
          "end": { "line": 28, "column": 13 }
        },
        "type": "binary-expr",
        "locations": [
          {
            "start": { "line": 26, "column": 13 },
            "end": { "line": 26, "column": 27 }
          },
          {
            "start": { "line": 27, "column": 16 },
            "end": { "line": 27, "column": 72 }
          }
        ],
        "line": 26
      }
    },
    "s": { "0": 1, "1": 0 },
    "f": { "0": 0 },
    "b": { "0": [0, 0], "1": [0, 0], "2": [0, 0] },
    "_coverageSchema": "1a1c01bbd47fc00a2c39e90264f33305004495a9",
    "hash": "6870d0941aa7d2b54e6e2d0cbaf866a2e42be593"
  },
  "/Users/yunzng/Downloads/testing/Fakeflix/src/components/Loader/Loader.jsx": {
    "path": "/Users/yunzng/Downloads/testing/Fakeflix/src/components/Loader/Loader.jsx",
    "statementMap": {
      "0": {
        "start": { "line": 3, "column": 15 },
        "end": { "line": 3, "column": 48 }
      },
      "1": {
        "start": { "line": 3, "column": 21 },
        "end": { "line": 3, "column": 48 }
      }
    },
    "fnMap": {
      "0": {
        "name": "(anonymous_0)",
        "decl": {
          "start": { "line": 3, "column": 15 },
          "end": { "line": 3, "column": 16 }
        },
        "loc": {
          "start": { "line": 3, "column": 21 },
          "end": { "line": 3, "column": 48 }
        },
        "line": 3
      }
    },
    "branchMap": {},
    "s": { "0": 1, "1": 0 },
    "f": { "0": 0 },
    "b": {},
    "_coverageSchema": "1a1c01bbd47fc00a2c39e90264f33305004495a9",
    "hash": "bcfea226d5b4de224b5a3906144fd1a28538ba31"
  },
  "/Users/yunzng/Downloads/testing/Fakeflix/src/components/Navbar/Navbar.jsx": {
    "path": "/Users/yunzng/Downloads/testing/Fakeflix/src/components/Navbar/Navbar.jsx",
    "statementMap": {
      "0": {
        "start": { "line": 16, "column": 15 },
        "end": { "line": 156, "column": 1 }
      },
      "1": {
        "start": { "line": 17, "column": 19 },
        "end": { "line": 17, "column": 32 }
      },
      "2": {
        "start": { "line": 18, "column": 20 },
        "end": { "line": 18, "column": 33 }
      },
      "3": {
        "start": { "line": 19, "column": 35 },
        "end": { "line": 19, "column": 50 }
      },
      "4": {
        "start": { "line": 20, "column": 37 },
        "end": { "line": 20, "column": 52 }
      },
      "5": {
        "start": { "line": 21, "column": 22 },
        "end": { "line": 21, "column": 30 }
      },
      "6": {
        "start": { "line": 22, "column": 23 },
        "end": { "line": 22, "column": 31 }
      },
      "7": {
        "start": { "line": 23, "column": 21 },
        "end": { "line": 23, "column": 51 }
      },
      "8": {
        "start": { "line": 24, "column": 18 },
        "end": { "line": 24, "column": 31 }
      },
      "9": {
        "start": { "line": 26, "column": 1 },
        "end": { "line": 28, "column": 4 }
      },
      "10": {
        "start": { "line": 27, "column": 2 },
        "end": { "line": 27, "column": 37 }
      },
      "11": {
        "start": { "line": 27, "column": 17 },
        "end": { "line": 27, "column": 37 }
      },
      "12": {
        "start": { "line": 29, "column": 1 },
        "end": { "line": 31, "column": 4 }
      },
      "13": {
        "start": { "line": 30, "column": 2 },
        "end": { "line": 30, "column": 39 }
      },
      "14": {
        "start": { "line": 30, "column": 18 },
        "end": { "line": 30, "column": 39 }
      },
      "15": {
        "start": { "line": 33, "column": 1 },
        "end": { "line": 155, "column": 3 }
      },
      "16": {
        "start": { "line": 76, "column": 21 },
        "end": { "line": 76, "column": 45 }
      },
      "17": {
        "start": { "line": 125, "column": 22 },
        "end": { "line": 125, "column": 48 }
      },
      "18": {
        "start": { "line": 142, "column": 27 },
        "end": { "line": 142, "column": 51 }
      }
    },
    "fnMap": {
      "0": {
        "name": "(anonymous_0)",
        "decl": {
          "start": { "line": 16, "column": 15 },
          "end": { "line": 16, "column": 16 }
        },
        "loc": {
          "start": { "line": 16, "column": 21 },
          "end": { "line": 156, "column": 1 }
        },
        "line": 16
      },
      "1": {
        "name": "(anonymous_1)",
        "decl": {
          "start": { "line": 26, "column": 31 },
          "end": { "line": 26, "column": 32 }
        },
        "loc": {
          "start": { "line": 26, "column": 37 },
          "end": { "line": 28, "column": 2 }
        },
        "line": 26
      },
      "2": {
        "name": "(anonymous_2)",
        "decl": {
          "start": { "line": 29, "column": 32 },
          "end": { "line": 29, "column": 33 }
        },
        "loc": {
          "start": { "line": 29, "column": 38 },
          "end": { "line": 31, "column": 2 }
        },
        "line": 29
      },
      "3": {
        "name": "(anonymous_3)",
        "decl": {
          "start": { "line": 76, "column": 15 },
          "end": { "line": 76, "column": 16 }
        },
        "loc": {
          "start": { "line": 76, "column": 21 },
          "end": { "line": 76, "column": 45 }
        },
        "line": 76
      },
      "4": {
        "name": "(anonymous_4)",
        "decl": {
          "start": { "line": 125, "column": 16 },
          "end": { "line": 125, "column": 17 }
        },
        "loc": {
          "start": { "line": 125, "column": 22 },
          "end": { "line": 125, "column": 48 }
        },
        "line": 125
      },
      "5": {
        "name": "(anonymous_5)",
        "decl": {
          "start": { "line": 142, "column": 21 },
          "end": { "line": 142, "column": 22 }
        },
        "loc": {
          "start": { "line": 142, "column": 27 },
          "end": { "line": 142, "column": 51 }
        },
        "line": 142
      }
    },
    "branchMap": {
      "0": {
        "loc": {
          "start": { "line": 27, "column": 2 },
          "end": { "line": 27, "column": 37 }
        },
        "type": "if",
        "locations": [
          {
            "start": { "line": 27, "column": 2 },
            "end": { "line": 27, "column": 37 }
          },
          { "start": {}, "end": {} }
        ],
        "line": 27
      },
      "1": {
        "loc": {
          "start": { "line": 30, "column": 2 },
          "end": { "line": 30, "column": 39 }
        },
        "type": "if",
        "locations": [
          {
            "start": { "line": 30, "column": 2 },
            "end": { "line": 30, "column": 39 }
          },
          { "start": {}, "end": {} }
        ],
        "line": 30
      },
      "2": {
        "loc": {
          "start": { "line": 36, "column": 25 },
          "end": { "line": 36, "column": 54 }
        },
        "type": "binary-expr",
        "locations": [
          {
            "start": { "line": 36, "column": 25 },
            "end": { "line": 36, "column": 35 }
          },
          {
            "start": { "line": 36, "column": 39 },
            "end": { "line": 36, "column": 54 }
          }
        ],
        "line": 36
      },
      "3": {
        "loc": {
          "start": { "line": 43, "column": 40 },
          "end": { "line": 43, "column": 81 }
        },
        "type": "cond-expr",
        "locations": [
          {
            "start": { "line": 43, "column": 55 },
            "end": { "line": 43, "column": 63 }
          },
          {
            "start": { "line": 43, "column": 66 },
            "end": { "line": 43, "column": 81 }
          }
        ],
        "line": 43
      },
      "4": {
        "loc": {
          "start": { "line": 45, "column": 5 },
          "end": { "line": 117, "column": 5 }
        },
        "type": "cond-expr",
        "locations": [
          {
            "start": { "line": 46, "column": 5 },
            "end": { "line": 72, "column": 10 }
          },
          {
            "start": { "line": 74, "column": 5 },
            "end": { "line": 116, "column": 11 }
          }
        ],
        "line": 45
      },
      "5": {
        "loc": {
          "start": { "line": 75, "column": 56 },
          "end": { "line": 75, "column": 100 }
        },
        "type": "binary-expr",
        "locations": [
          {
            "start": { "line": 75, "column": 56 },
            "end": { "line": 75, "column": 66 }
          },
          {
            "start": { "line": 75, "column": 70 },
            "end": { "line": 75, "column": 100 }
          }
        ],
        "line": 75
      },
      "6": {
        "loc": {
          "start": { "line": 81, "column": 49 },
          "end": { "line": 81, "column": 74 }
        },
        "type": "cond-expr",
        "locations": [
          {
            "start": { "line": 81, "column": 61 },
            "end": { "line": 81, "column": 69 }
          },
          {
            "start": { "line": 81, "column": 72 },
            "end": { "line": 81, "column": 74 }
          }
        ],
        "line": 81
      },
      "7": {
        "loc": {
          "start": { "line": 83, "column": 8 },
          "end": { "line": 114, "column": 8 }
        },
        "type": "binary-expr",
        "locations": [
          {
            "start": { "line": 83, "column": 8 },
            "end": { "line": 83, "column": 17 }
          },
          {
            "start": { "line": 84, "column": 8 },
            "end": { "line": 113, "column": 13 }
          }
        ],
        "line": 83
      },
      "8": {
        "loc": {
          "start": { "line": 124, "column": 40 },
          "end": { "line": 124, "column": 62 }
        },
        "type": "binary-expr",
        "locations": [
          {
            "start": { "line": 124, "column": 40 },
            "end": { "line": 124, "column": 50 }
          },
          {
            "start": { "line": 124, "column": 54 },
            "end": { "line": 124, "column": 62 }
          }
        ],
        "line": 124
      },
      "9": {
        "loc": {
          "start": { "line": 129, "column": 13 },
          "end": { "line": 129, "column": 89 }
        },
        "type": "cond-expr",
        "locations": [
          {
            "start": { "line": 129, "column": 51 },
            "end": { "line": 129, "column": 71 }
          },
          {
            "start": { "line": 129, "column": 74 },
            "end": { "line": 129, "column": 89 }
          }
        ],
        "line": 129
      },
      "10": {
        "loc": {
          "start": { "line": 129, "column": 13 },
          "end": { "line": 129, "column": 48 }
        },
        "type": "binary-expr",
        "locations": [
          {
            "start": { "line": 129, "column": 13 },
            "end": { "line": 129, "column": 24 }
          },
          {
            "start": { "line": 129, "column": 28 },
            "end": { "line": 129, "column": 48 }
          }
        ],
        "line": 129
      },
      "11": {
        "loc": {
          "start": { "line": 133, "column": 54 },
          "end": { "line": 133, "column": 80 }
        },
        "type": "cond-expr",
        "locations": [
          {
            "start": { "line": 133, "column": 67 },
            "end": { "line": 133, "column": 75 }
          },
          {
            "start": { "line": 133, "column": 78 },
            "end": { "line": 133, "column": 80 }
          }
        ],
        "line": 133
      },
      "12": {
        "loc": {
          "start": { "line": 134, "column": 9 },
          "end": { "line": 148, "column": 9 }
        },
        "type": "binary-expr",
        "locations": [
          {
            "start": { "line": 134, "column": 9 },
            "end": { "line": 134, "column": 19 }
          },
          {
            "start": { "line": 135, "column": 9 },
            "end": { "line": 147, "column": 14 }
          }
        ],
        "line": 134
      },
      "13": {
        "loc": {
          "start": { "line": 139, "column": 11 },
          "end": { "line": 146, "column": 11 }
        },
        "type": "binary-expr",
        "locations": [
          {
            "start": { "line": 139, "column": 11 },
            "end": { "line": 139, "column": 22 }
          },
          {
            "start": { "line": 140, "column": 11 },
            "end": { "line": 145, "column": 16 }
          }
        ],
        "line": 139
      }
    },
    "s": {
      "0": 0,
      "1": 0,
      "2": 0,
      "3": 0,
      "4": 0,
      "5": 0,
      "6": 0,
      "7": 0,
      "8": 0,
      "9": 0,
      "10": 0,
      "11": 0,
      "12": 0,
      "13": 0,
      "14": 0,
      "15": 0,
      "16": 0,
      "17": 0,
      "18": 0
    },
    "f": { "0": 0, "1": 0, "2": 0, "3": 0, "4": 0, "5": 0 },
    "b": {
      "0": [0, 0],
      "1": [0, 0],
      "2": [0, 0],
      "3": [0, 0],
      "4": [0, 0],
      "5": [0, 0],
      "6": [0, 0],
      "7": [0, 0],
      "8": [0, 0],
      "9": [0, 0],
      "10": [0, 0],
      "11": [0, 0],
      "12": [0, 0],
      "13": [0, 0]
    }
  },
  "/Users/yunzng/Downloads/testing/Fakeflix/src/components/PlayAnimation/PlayAnimation.jsx": {
    "path": "/Users/yunzng/Downloads/testing/Fakeflix/src/components/PlayAnimation/PlayAnimation.jsx",
    "statementMap": {
      "0": {
        "start": { "line": 6, "column": 22 },
        "end": { "line": 30, "column": 1 }
      },
      "1": {
        "start": { "line": 8, "column": 15 },
        "end": { "line": 8, "column": 27 }
      },
      "2": {
        "start": { "line": 9, "column": 18 },
        "end": { "line": 9, "column": 30 }
      },
      "3": {
        "start": { "line": 10, "column": 21 },
        "end": { "line": 13, "column": 2 }
      },
      "4": {
        "start": { "line": 11, "column": 2 },
        "end": { "line": 11, "column": 35 }
      },
      "5": {
        "start": { "line": 12, "column": 2 },
        "end": { "line": 12, "column": 26 }
      },
      "6": {
        "start": { "line": 15, "column": 1 },
        "end": { "line": 20, "column": 14 }
      },
      "7": {
        "start": { "line": 16, "column": 2 },
        "end": { "line": 16, "column": 16 }
      },
      "8": {
        "start": { "line": 17, "column": 2 },
        "end": { "line": 19, "column": 10 }
      },
      "9": {
        "start": { "line": 18, "column": 3 },
        "end": { "line": 18, "column": 26 }
      },
      "10": {
        "start": { "line": 22, "column": 1 },
        "end": { "line": 29, "column": 2 }
      }
    },
    "fnMap": {
      "0": {
        "name": "(anonymous_0)",
        "decl": {
          "start": { "line": 6, "column": 22 },
          "end": { "line": 6, "column": 23 }
        },
        "loc": {
          "start": { "line": 6, "column": 28 },
          "end": { "line": 30, "column": 1 }
        },
        "line": 6
      },
      "1": {
        "name": "(anonymous_1)",
        "decl": {
          "start": { "line": 10, "column": 21 },
          "end": { "line": 10, "column": 22 }
        },
        "loc": {
          "start": { "line": 10, "column": 27 },
          "end": { "line": 13, "column": 2 }
        },
        "line": 10
      },
      "2": {
        "name": "(anonymous_2)",
        "decl": {
          "start": { "line": 15, "column": 11 },
          "end": { "line": 15, "column": 12 }
        },
        "loc": {
          "start": { "line": 15, "column": 17 },
          "end": { "line": 20, "column": 2 }
        },
        "line": 15
      },
      "3": {
        "name": "(anonymous_3)",
        "decl": {
          "start": { "line": 17, "column": 13 },
          "end": { "line": 17, "column": 14 }
        },
        "loc": {
          "start": { "line": 17, "column": 19 },
          "end": { "line": 19, "column": 3 }
        },
        "line": 17
      }
    },
    "branchMap": {},
    "s": {
      "0": 0,
      "1": 0,
      "2": 0,
      "3": 0,
      "4": 0,
      "5": 0,
      "6": 0,
      "7": 0,
      "8": 0,
      "9": 0,
      "10": 0
    },
    "f": { "0": 0, "1": 0, "2": 0, "3": 0 },
    "b": {}
  },
  "/Users/yunzng/Downloads/testing/Fakeflix/src/components/Poster/Poster.jsx": {
    "path": "/Users/yunzng/Downloads/testing/Fakeflix/src/components/Poster/Poster.jsx",
    "statementMap": {
      "0": {
        "start": { "line": 12, "column": 15 },
        "end": { "line": 85, "column": 1 }
      },
      "1": {
        "start": { "line": 13, "column": 114 },
        "end": { "line": 13, "column": 120 }
      },
      "2": {
        "start": { "line": 14, "column": 24 },
        "end": { "line": 14, "column": 72 }
      },
      "3": {
        "start": { "line": 15, "column": 28 },
        "end": { "line": 15, "column": 57 }
      },
      "4": {
        "start": { "line": 16, "column": 21 },
        "end": { "line": 16, "column": 34 }
      },
      "5": {
        "start": { "line": 18, "column": 22 },
        "end": { "line": 21, "column": 5 }
      },
      "6": {
        "start": { "line": 19, "column": 8 },
        "end": { "line": 19, "column": 32 }
      },
      "7": {
        "start": { "line": 20, "column": 8 },
        "end": { "line": 20, "column": 60 }
      },
      "8": {
        "start": { "line": 22, "column": 25 },
        "end": { "line": 25, "column": 5 }
      },
      "9": {
        "start": { "line": 23, "column": 8 },
        "end": { "line": 23, "column": 32 }
      },
      "10": {
        "start": { "line": 24, "column": 8 },
        "end": { "line": 24, "column": 65 }
      },
      "11": {
        "start": { "line": 27, "column": 31 },
        "end": { "line": 29, "column": 5 }
      },
      "12": {
        "start": { "line": 28, "column": 8 },
        "end": { "line": 28, "column": 92 }
      },
      "13": {
        "start": { "line": 31, "column": 29 },
        "end": { "line": 33, "column": 5 }
      },
      "14": {
        "start": { "line": 32, "column": 8 },
        "end": { "line": 32, "column": 32 }
      },
      "15": {
        "start": { "line": 35, "column": 4 },
        "end": { "line": 84, "column": 5 }
      },
      "16": {
        "start": { "line": 79, "column": 24 },
        "end": { "line": 79, "column": 95 }
      }
    },
    "fnMap": {
      "0": {
        "name": "(anonymous_0)",
        "decl": {
          "start": { "line": 12, "column": 15 },
          "end": { "line": 12, "column": 16 }
        },
        "loc": {
          "start": { "line": 12, "column": 25 },
          "end": { "line": 85, "column": 1 }
        },
        "line": 12
      },
      "1": {
        "name": "(anonymous_1)",
        "decl": {
          "start": { "line": 18, "column": 22 },
          "end": { "line": 18, "column": 23 }
        },
        "loc": {
          "start": { "line": 18, "column": 31 },
          "end": { "line": 21, "column": 5 }
        },
        "line": 18
      },
      "2": {
        "name": "(anonymous_2)",
        "decl": {
          "start": { "line": 22, "column": 25 },
          "end": { "line": 22, "column": 26 }
        },
        "loc": {
          "start": { "line": 22, "column": 34 },
          "end": { "line": 25, "column": 5 }
        },
        "line": 22
      },
      "3": {
        "name": "(anonymous_3)",
        "decl": {
          "start": { "line": 27, "column": 31 },
          "end": { "line": 27, "column": 32 }
        },
        "loc": {
          "start": { "line": 27, "column": 37 },
          "end": { "line": 29, "column": 5 }
        },
        "line": 27
      },
      "4": {
        "name": "(anonymous_4)",
        "decl": {
          "start": { "line": 31, "column": 29 },
          "end": { "line": 31, "column": 30 }
        },
        "loc": {
          "start": { "line": 31, "column": 38 },
          "end": { "line": 33, "column": 5 }
        },
        "line": 31
      },
      "5": {
        "name": "(anonymous_5)",
        "decl": {
          "start": { "line": 78, "column": 60 },
          "end": { "line": 78, "column": 61 }
        },
        "loc": {
          "start": { "line": 79, "column": 24 },
          "end": { "line": 79, "column": 95 }
        },
        "line": 79
      }
    },
    "branchMap": {
      "0": {
        "loc": {
          "start": { "line": 14, "column": 24 },
          "end": { "line": 14, "column": 72 }
        },
        "type": "binary-expr",
        "locations": [
          {
            "start": { "line": 14, "column": 24 },
            "end": { "line": 14, "column": 29 }
          },
          {
            "start": { "line": 14, "column": 33 },
            "end": { "line": 14, "column": 47 }
          },
          {
            "start": { "line": 14, "column": 51 },
            "end": { "line": 14, "column": 55 }
          },
          {
            "start": { "line": 14, "column": 59 },
            "end": { "line": 14, "column": 72 }
          }
        ],
        "line": 14
      },
      "1": {
        "loc": {
          "start": { "line": 41, "column": 13 },
          "end": { "line": 50, "column": 13 }
        },
        "type": "cond-expr",
        "locations": [
          {
            "start": { "line": 42, "column": 16 },
            "end": { "line": 42, "column": 84 }
          },
          {
            "start": { "line": 44, "column": 16 },
            "end": { "line": 49, "column": 19 }
          }
        ],
        "line": 41
      },
      "2": {
        "loc": {
          "start": { "line": 60, "column": 21 },
          "end": { "line": 69, "column": 25 }
        },
        "type": "cond-expr",
        "locations": [
          {
            "start": { "line": 62, "column": 28 },
            "end": { "line": 64, "column": 37 }
          },
          {
            "start": { "line": 66, "column": 28 },
            "end": { "line": 68, "column": 37 }
          }
        ],
        "line": 60
      },
      "3": {
        "loc": {
          "start": { "line": 78, "column": 21 },
          "end": { "line": 80, "column": 22 }
        },
        "type": "binary-expr",
        "locations": [
          {
            "start": { "line": 78, "column": 21 },
            "end": { "line": 78, "column": 36 }
          },
          {
            "start": { "line": 78, "column": 40 },
            "end": { "line": 80, "column": 22 }
          }
        ],
        "line": 78
      }
    },
    "s": {
      "0": 0,
      "1": 0,
      "2": 0,
      "3": 0,
      "4": 0,
      "5": 0,
      "6": 0,
      "7": 0,
      "8": 0,
      "9": 0,
      "10": 0,
      "11": 0,
      "12": 0,
      "13": 0,
      "14": 0,
      "15": 0,
      "16": 0
    },
    "f": { "0": 0, "1": 0, "2": 0, "3": 0, "4": 0, "5": 0 },
    "b": { "0": [0, 0, 0, 0], "1": [0, 0], "2": [0, 0], "3": [0, 0] }
  },
  "/Users/yunzng/Downloads/testing/Fakeflix/src/components/Row/Row.jsx": {
    "path": "/Users/yunzng/Downloads/testing/Fakeflix/src/components/Row/Row.jsx",
    "statementMap": {
      "0": {
        "start": { "line": 18, "column": 0 },
        "end": { "line": 18, "column": 41 }
      },
      "1": {
        "start": { "line": 20, "column": 12 },
        "end": { "line": 137, "column": 1 }
      },
      "2": {
        "start": { "line": 21, "column": 19 },
        "end": { "line": 21, "column": 32 }
      },
      "3": {
        "start": { "line": 22, "column": 17 },
        "end": { "line": 22, "column": 38 }
      },
      "4": {
        "start": { "line": 23, "column": 43 },
        "end": { "line": 23, "column": 50 }
      },
      "5": {
        "start": { "line": 24, "column": 22 },
        "end": { "line": 24, "column": 35 }
      },
      "6": {
        "start": { "line": 27, "column": 27 },
        "end": { "line": 27, "column": 39 }
      },
      "7": {
        "start": { "line": 28, "column": 27 },
        "end": { "line": 28, "column": 39 }
      },
      "8": {
        "start": { "line": 29, "column": 31 },
        "end": { "line": 52, "column": 5 }
      },
      "9": {
        "start": { "line": 54, "column": 24 },
        "end": { "line": 57, "column": 2 }
      },
      "10": {
        "start": { "line": 55, "column": 2 },
        "end": { "line": 56, "column": 111 }
      },
      "11": {
        "start": { "line": 55, "column": 52 },
        "end": { "line": 55, "column": 107 }
      },
      "12": {
        "start": { "line": 56, "column": 7 },
        "end": { "line": 56, "column": 111 }
      },
      "13": {
        "start": { "line": 56, "column": 56 },
        "end": { "line": 56, "column": 110 }
      },
      "14": {
        "start": { "line": 59, "column": 23 },
        "end": { "line": 61, "column": 2 }
      },
      "15": {
        "start": { "line": 60, "column": 2 },
        "end": { "line": 60, "column": 71 }
      },
      "16": {
        "start": { "line": 63, "column": 33 },
        "end": { "line": 79, "column": 2 }
      },
      "17": {
        "start": { "line": 64, "column": 12 },
        "end": { "line": 64, "column": 21 }
      },
      "18": {
        "start": { "line": 66, "column": 2 },
        "end": { "line": 67, "column": 35 }
      },
      "19": {
        "start": { "line": 66, "column": 15 },
        "end": { "line": 66, "column": 28 }
      },
      "20": {
        "start": { "line": 67, "column": 7 },
        "end": { "line": 67, "column": 35 }
      },
      "21": {
        "start": { "line": 67, "column": 21 },
        "end": { "line": 67, "column": 35 }
      },
      "22": {
        "start": { "line": 69, "column": 2 },
        "end": { "line": 78, "column": 3 }
      },
      "23": {
        "start": { "line": 70, "column": 3 },
        "end": { "line": 71, "column": 51 }
      },
      "24": {
        "start": { "line": 70, "column": 32 },
        "end": { "line": 70, "column": 45 }
      },
      "25": {
        "start": { "line": 71, "column": 8 },
        "end": { "line": 71, "column": 51 }
      },
      "26": {
        "start": { "line": 71, "column": 37 },
        "end": { "line": 71, "column": 51 }
      },
      "27": {
        "start": { "line": 72, "column": 9 },
        "end": { "line": 78, "column": 3 }
      },
      "28": {
        "start": { "line": 73, "column": 3 },
        "end": { "line": 74, "column": 54 }
      },
      "29": {
        "start": { "line": 73, "column": 35 },
        "end": { "line": 73, "column": 48 }
      },
      "30": {
        "start": { "line": 74, "column": 8 },
        "end": { "line": 74, "column": 54 }
      },
      "31": {
        "start": { "line": 74, "column": 40 },
        "end": { "line": 74, "column": 54 }
      },
      "32": {
        "start": { "line": 75, "column": 9 },
        "end": { "line": 78, "column": 3 }
      },
      "33": {
        "start": { "line": 76, "column": 3 },
        "end": { "line": 77, "column": 61 }
      },
      "34": {
        "start": { "line": 76, "column": 39 },
        "end": { "line": 76, "column": 52 }
      },
      "35": {
        "start": { "line": 77, "column": 8 },
        "end": { "line": 77, "column": 61 }
      },
      "36": {
        "start": { "line": 77, "column": 47 },
        "end": { "line": 77, "column": 61 }
      },
      "37": {
        "start": { "line": 81, "column": 1 },
        "end": { "line": 136, "column": 3 }
      },
      "38": {
        "start": { "line": 110, "column": 7 },
        "end": { "line": 110, "column": 67 }
      },
      "39": {
        "start": { "line": 111, "column": 7 },
        "end": { "line": 111, "column": 67 }
      },
      "40": {
        "start": { "line": 117, "column": 8 },
        "end": { "line": 129, "column": 22 }
      }
    },
    "fnMap": {
      "0": {
        "name": "(anonymous_0)",
        "decl": {
          "start": { "line": 20, "column": 12 },
          "end": { "line": 20, "column": 13 }
        },
        "loc": {
          "start": { "line": 20, "column": 53 },
          "end": { "line": 137, "column": 1 }
        },
        "line": 20
      },
      "1": {
        "name": "(anonymous_1)",
        "decl": {
          "start": { "line": 54, "column": 24 },
          "end": { "line": 54, "column": 25 }
        },
        "loc": {
          "start": { "line": 54, "column": 31 },
          "end": { "line": 57, "column": 2 }
        },
        "line": 54
      },
      "2": {
        "name": "(anonymous_2)",
        "decl": {
          "start": { "line": 59, "column": 23 },
          "end": { "line": 59, "column": 24 }
        },
        "loc": {
          "start": { "line": 59, "column": 30 },
          "end": { "line": 61, "column": 2 }
        },
        "line": 59
      },
      "3": {
        "name": "(anonymous_3)",
        "decl": {
          "start": { "line": 63, "column": 33 },
          "end": { "line": 63, "column": 34 }
        },
        "loc": {
          "start": { "line": 63, "column": 44 },
          "end": { "line": 79, "column": 2 }
        },
        "line": 63
      },
      "4": {
        "name": "(anonymous_4)",
        "decl": {
          "start": { "line": 109, "column": 20 },
          "end": { "line": 109, "column": 21 }
        },
        "loc": {
          "start": { "line": 109, "column": 32 },
          "end": { "line": 112, "column": 7 }
        },
        "line": 109
      },
      "5": {
        "name": "(anonymous_5)",
        "decl": {
          "start": { "line": 116, "column": 19 },
          "end": { "line": 116, "column": 20 }
        },
        "loc": {
          "start": { "line": 117, "column": 8 },
          "end": { "line": 129, "column": 22 }
        },
        "line": 117
      }
    },
    "branchMap": {
      "0": {
        "loc": {
          "start": { "line": 43, "column": 24 },
          "end": { "line": 43, "column": 83 }
        },
        "type": "cond-expr",
        "locations": [
          {
            "start": { "line": 43, "column": 40 },
            "end": { "line": 43, "column": 41 }
          },
          {
            "start": { "line": 43, "column": 44 },
            "end": { "line": 43, "column": 83 }
          }
        ],
        "line": 43
      },
      "1": {
        "loc": {
          "start": { "line": 43, "column": 44 },
          "end": { "line": 43, "column": 83 }
        },
        "type": "cond-expr",
        "locations": [
          {
            "start": { "line": 43, "column": 59 },
            "end": { "line": 43, "column": 60 }
          },
          {
            "start": { "line": 43, "column": 63 },
            "end": { "line": 43, "column": 83 }
          }
        ],
        "line": 43
      },
      "2": {
        "loc": {
          "start": { "line": 43, "column": 63 },
          "end": { "line": 43, "column": 83 }
        },
        "type": "cond-expr",
        "locations": [
          {
            "start": { "line": 43, "column": 78 },
            "end": { "line": 43, "column": 79 }
          },
          {
            "start": { "line": 43, "column": 82 },
            "end": { "line": 43, "column": 83 }
          }
        ],
        "line": 43
      },
      "3": {
        "loc": {
          "start": { "line": 55, "column": 2 },
          "end": { "line": 56, "column": 111 }
        },
        "type": "if",
        "locations": [
          {
            "start": { "line": 55, "column": 2 },
            "end": { "line": 56, "column": 111 }
          },
          {
            "start": { "line": 56, "column": 7 },
            "end": { "line": 56, "column": 111 }
          }
        ],
        "line": 55
      },
      "4": {
        "loc": {
          "start": { "line": 56, "column": 7 },
          "end": { "line": 56, "column": 111 }
        },
        "type": "if",
        "locations": [
          {
            "start": { "line": 56, "column": 7 },
            "end": { "line": 56, "column": 111 }
          },
          { "start": {}, "end": {} }
        ],
        "line": 56
      },
      "5": {
        "loc": {
          "start": { "line": 66, "column": 2 },
          "end": { "line": 67, "column": 35 }
        },
        "type": "if",
        "locations": [
          {
            "start": { "line": 66, "column": 2 },
            "end": { "line": 67, "column": 35 }
          },
          {
            "start": { "line": 67, "column": 7 },
            "end": { "line": 67, "column": 35 }
          }
        ],
        "line": 66
      },
      "6": {
        "loc": {
          "start": { "line": 67, "column": 7 },
          "end": { "line": 67, "column": 35 }
        },
        "type": "if",
        "locations": [
          {
            "start": { "line": 67, "column": 7 },
            "end": { "line": 67, "column": 35 }
          },
          { "start": {}, "end": {} }
        ],
        "line": 67
      },
      "7": {
        "loc": {
          "start": { "line": 69, "column": 2 },
          "end": { "line": 78, "column": 3 }
        },
        "type": "if",
        "locations": [
          {
            "start": { "line": 69, "column": 2 },
            "end": { "line": 78, "column": 3 }
          },
          {
            "start": { "line": 72, "column": 9 },
            "end": { "line": 78, "column": 3 }
          }
        ],
        "line": 69
      },
      "8": {
        "loc": {
          "start": { "line": 70, "column": 3 },
          "end": { "line": 71, "column": 51 }
        },
        "type": "if",
        "locations": [
          {
            "start": { "line": 70, "column": 3 },
            "end": { "line": 71, "column": 51 }
          },
          {
            "start": { "line": 71, "column": 8 },
            "end": { "line": 71, "column": 51 }
          }
        ],
        "line": 70
      },
      "9": {
        "loc": {
          "start": { "line": 71, "column": 8 },
          "end": { "line": 71, "column": 51 }
        },
        "type": "if",
        "locations": [
          {
            "start": { "line": 71, "column": 8 },
            "end": { "line": 71, "column": 51 }
          },
          { "start": {}, "end": {} }
        ],
        "line": 71
      },
      "10": {
        "loc": {
          "start": { "line": 72, "column": 9 },
          "end": { "line": 78, "column": 3 }
        },
        "type": "if",
        "locations": [
          {
            "start": { "line": 72, "column": 9 },
            "end": { "line": 78, "column": 3 }
          },
          {
            "start": { "line": 75, "column": 9 },
            "end": { "line": 78, "column": 3 }
          }
        ],
        "line": 72
      },
      "11": {
        "loc": {
          "start": { "line": 73, "column": 3 },
          "end": { "line": 74, "column": 54 }
        },
        "type": "if",
        "locations": [
          {
            "start": { "line": 73, "column": 3 },
            "end": { "line": 74, "column": 54 }
          },
          {
            "start": { "line": 74, "column": 8 },
[...]
      "18": 6,
      "19": 1,
      "20": 4,
      "21": 1,
      "22": 2,
      "23": 1,
      "24": 3,
      "25": 3,
      "26": 3,
      "27": 2,
      "28": 2,
      "29": 2,
      "30": 1,
      "31": 1,
      "32": 1,
      "33": 1,
      "34": 1,
      "35": 6,
      "36": 1,
      "37": 4,
      "38": 1,
      "39": 2,
      "40": 1,
      "41": 3,
      "42": 3,
      "43": 3,
      "44": 2,
      "45": 2,
      "46": 2,
      "47": 1,
      "48": 1,
      "49": 1,
      "50": 1,
      "51": 1,
      "52": 6,
      "53": 1,
      "54": 4,
      "55": 1,
      "56": 2,
      "57": 1,
      "58": 3,
      "59": 3,
      "60": 3,
      "61": 2,
      "62": 2,
      "63": 2,
      "64": 1,
      "65": 1,
      "66": 1,
      "67": 1,
      "68": 1,
      "69": 6,
      "70": 1,
      "71": 4,
      "72": 1,
      "73": 2,
      "74": 1,
      "75": 3,
      "76": 3,
      "77": 3,
      "78": 2,
      "79": 2,
      "80": 2,
      "81": 1,
      "82": 1,
      "83": 1,
      "84": 1,
      "85": 1,
      "86": 6,
      "87": 1,
      "88": 4,
      "89": 1,
      "90": 2,
      "91": 1,
      "92": 3,
      "93": 3,
      "94": 3,
      "95": 2,
      "96": 2,
      "97": 2,
      "98": 1,
      "99": 1,
      "100": 1,
      "101": 1,
      "102": 1,
      "103": 6,
      "104": 1,
      "105": 4,
      "106": 1,
      "107": 2,
      "108": 1,
      "109": 3,
      "110": 3,
      "111": 3,
      "112": 2,
      "113": 2,
      "114": 2,
      "115": 1,
      "116": 1,
      "117": 1,
      "118": 1,
      "119": 1,
      "120": 6,
      "121": 1,
      "122": 4,
      "123": 1,
      "124": 2,
      "125": 1,
      "126": 3,
      "127": 3,
      "128": 3,
      "129": 2,
      "130": 2,
      "131": 2,
      "132": 1,
      "133": 1,
      "134": 1,
      "135": 1,
      "136": 1,
      "137": 6,
      "138": 1,
      "139": 4,
      "140": 1,
      "141": 2,
      "142": 1,
      "143": 3,
      "144": 3,
      "145": 3,
      "146": 2,
      "147": 2,
      "148": 2,
      "149": 1,
      "150": 1,
      "151": 1,
      "152": 1,
      "153": 1,
      "154": 6,
      "155": 1,
      "156": 4,
      "157": 1,
      "158": 2,
      "159": 1,
      "160": 3,
      "161": 3,
      "162": 3,
      "163": 2,
      "164": 2,
      "165": 2,
      "166": 1,
      "167": 1,
      "168": 1,
      "169": 1
    },
    "f": {
      "0": 7,
      "1": 6,
      "2": 3,
      "3": 3,
      "4": 3,
      "5": 2,
      "6": 2,
      "7": 1,
      "8": 6,
      "9": 4,
      "10": 2,
      "11": 3,
      "12": 3,
      "13": 2,
      "14": 2,
      "15": 1,
      "16": 6,
      "17": 4,
      "18": 2,
      "19": 3,
      "20": 3,
      "21": 2,
      "22": 2,
      "23": 1,
      "24": 6,
      "25": 4,
      "26": 2,
      "27": 3,
      "28": 3,
      "29": 2,
      "30": 2,
      "31": 1,
      "32": 6,
      "33": 4,
      "34": 2,
      "35": 3,
      "36": 3,
      "37": 2,
      "38": 2,
      "39": 1,
      "40": 6,
      "41": 4,
      "42": 2,
      "43": 3,
      "44": 3,
      "45": 2,
      "46": 2,
      "47": 1,
      "48": 6,
      "49": 4,
      "50": 2,
      "51": 3,
      "52": 3,
      "53": 2,
      "54": 2,
      "55": 1,
      "56": 6,
      "57": 4,
      "58": 2,
      "59": 3,
      "60": 3,
      "61": 2,
      "62": 2,
      "63": 1,
      "64": 6,
      "65": 4,
      "66": 2,
      "67": 3,
      "68": 3,
      "69": 2,
      "70": 2,
      "71": 1,
      "72": 6,
      "73": 4,
      "74": 2,
      "75": 3,
      "76": 3,
      "77": 2,
      "78": 2,
      "79": 1
    },
    "b": {
      "0": [3, 3],
      "1": [1, 1],
      "2": [2, 2],
      "3": [1, 1],
      "4": [2, 2],
      "5": [1, 1],
      "6": [2, 2],
      "7": [1, 1],
      "8": [2, 2],
      "9": [1, 1],
      "10": [2, 2],
      "11": [1, 1],
      "12": [2, 2],
      "13": [1, 1],
      "14": [2, 2],
      "15": [1, 1],
      "16": [2, 2],
      "17": [1, 1],
      "18": [2, 2],
      "19": [1, 1]
    },
    "_coverageSchema": "1a1c01bbd47fc00a2c39e90264f33305004495a9",
    "hash": "1294bf1e0c197d589681df69cd08af791795b59e"
  },
  "/Users/yunzng/Downloads/testing/Fakeflix/src/redux/series/series.selectors.js": {
    "path": "/Users/yunzng/Downloads/testing/Fakeflix/src/redux/series/series.selectors.js",
    "statementMap": {
      "0": {
        "start": { "line": 3, "column": 35 },
        "end": { "line": 3, "column": 70 }
      },
      "1": {
        "start": { "line": 3, "column": 44 },
        "end": { "line": 3, "column": 70 }
      },
      "2": {
        "start": { "line": 4, "column": 43 },
        "end": { "line": 4, "column": 86 }
      },
      "3": {
        "start": { "line": 4, "column": 52 },
        "end": { "line": 4, "column": 86 }
      },
      "4": {
        "start": { "line": 5, "column": 37 },
        "end": { "line": 5, "column": 74 }
      },
      "5": {
        "start": { "line": 5, "column": 46 },
        "end": { "line": 5, "column": 74 }
      },
      "6": {
        "start": { "line": 6, "column": 34 },
        "end": { "line": 6, "column": 68 }
      },
      "7": {
        "start": { "line": 6, "column": 43 },
        "end": { "line": 6, "column": 68 }
      },
      "8": {
        "start": { "line": 7, "column": 33 },
        "end": { "line": 7, "column": 66 }
      },
      "9": {
        "start": { "line": 7, "column": 42 },
        "end": { "line": 7, "column": 66 }
      },
      "10": {
        "start": { "line": 8, "column": 39 },
        "end": { "line": 8, "column": 78 }
      },
      "11": {
        "start": { "line": 8, "column": 48 },
        "end": { "line": 8, "column": 78 }
      },
      "12": {
        "start": { "line": 9, "column": 34 },
        "end": { "line": 9, "column": 68 }
      },
      "13": {
        "start": { "line": 9, "column": 43 },
        "end": { "line": 9, "column": 68 }
      },
      "14": {
        "start": { "line": 10, "column": 32 },
        "end": { "line": 10, "column": 64 }
      },
      "15": {
        "start": { "line": 10, "column": 41 },
        "end": { "line": 10, "column": 64 }
      },
      "16": {
        "start": { "line": 11, "column": 40 },
        "end": { "line": 11, "column": 80 }
      },
      "17": {
        "start": { "line": 11, "column": 49 },
        "end": { "line": 11, "column": 80 }
      },
      "18": {
        "start": { "line": 12, "column": 36 },
        "end": { "line": 12, "column": 72 }
      },
      "19": {
        "start": { "line": 12, "column": 45 },
        "end": { "line": 12, "column": 72 }
      },
      "20": {
        "start": { "line": 14, "column": 43 },
        "end": { "line": 17, "column": 1 }
      },
      "21": {
        "start": { "line": 16, "column": 21 },
        "end": { "line": 16, "column": 39 }
      },
      "22": {
        "start": { "line": 19, "column": 51 },
        "end": { "line": 22, "column": 1 }
      },
      "23": {
        "start": { "line": 21, "column": 29 },
        "end": { "line": 21, "column": 55 }
      },
      "24": {
        "start": { "line": 24, "column": 45 },
        "end": { "line": 27, "column": 1 }
      },
      "25": {
        "start": { "line": 26, "column": 23 },
        "end": { "line": 26, "column": 43 }
      },
      "26": {
        "start": { "line": 29, "column": 42 },
        "end": { "line": 32, "column": 1 }
      },
      "27": {
        "start": { "line": 31, "column": 20 },
        "end": { "line": 31, "column": 37 }
      },
      "28": {
        "start": { "line": 34, "column": 41 },
        "end": { "line": 37, "column": 1 }
      },
      "29": {
        "start": { "line": 36, "column": 19 },
        "end": { "line": 36, "column": 35 }
      },
      "30": {
        "start": { "line": 39, "column": 47 },
        "end": { "line": 42, "column": 1 }
      },
      "31": {
        "start": { "line": 41, "column": 25 },
        "end": { "line": 41, "column": 47 }
      },
      "32": {
        "start": { "line": 44, "column": 42 },
        "end": { "line": 47, "column": 1 }
      },
      "33": {
        "start": { "line": 46, "column": 20 },
        "end": { "line": 46, "column": 37 }
      },
      "34": {
        "start": { "line": 49, "column": 40 },
        "end": { "line": 52, "column": 1 }
      },
      "35": {
        "start": { "line": 51, "column": 18 },
        "end": { "line": 51, "column": 33 }
      },
      "36": {
        "start": { "line": 54, "column": 48 },
        "end": { "line": 57, "column": 1 }
      },
      "37": {
        "start": { "line": 56, "column": 26 },
        "end": { "line": 56, "column": 49 }
      },
      "38": {
        "start": { "line": 59, "column": 44 },
        "end": { "line": 62, "column": 1 }
      },
      "39": {
        "start": { "line": 61, "column": 22 },
        "end": { "line": 61, "column": 41 }
      }
    },
    "fnMap": {
      "0": {
        "name": "(anonymous_0)",
        "decl": {
          "start": { "line": 3, "column": 35 },
          "end": { "line": 3, "column": 36 }
        },
        "loc": {
          "start": { "line": 3, "column": 44 },
          "end": { "line": 3, "column": 70 }
        },
        "line": 3
      },
      "1": {
        "name": "(anonymous_1)",
        "decl": {
          "start": { "line": 4, "column": 43 },
          "end": { "line": 4, "column": 44 }
        },
        "loc": {
          "start": { "line": 4, "column": 52 },
          "end": { "line": 4, "column": 86 }
        },
        "line": 4
      },
      "2": {
        "name": "(anonymous_2)",
        "decl": {
          "start": { "line": 5, "column": 37 },
          "end": { "line": 5, "column": 38 }
        },
        "loc": {
          "start": { "line": 5, "column": 46 },
          "end": { "line": 5, "column": 74 }
        },
        "line": 5
      },
      "3": {
        "name": "(anonymous_3)",
        "decl": {
          "start": { "line": 6, "column": 34 },
          "end": { "line": 6, "column": 35 }
        },
        "loc": {
          "start": { "line": 6, "column": 43 },
          "end": { "line": 6, "column": 68 }
        },
        "line": 6
      },
      "4": {
        "name": "(anonymous_4)",
        "decl": {
          "start": { "line": 7, "column": 33 },
          "end": { "line": 7, "column": 34 }
        },
        "loc": {
          "start": { "line": 7, "column": 42 },
          "end": { "line": 7, "column": 66 }
        },
        "line": 7
      },
      "5": {
        "name": "(anonymous_5)",
        "decl": {
          "start": { "line": 8, "column": 39 },
          "end": { "line": 8, "column": 40 }
        },
        "loc": {
          "start": { "line": 8, "column": 48 },
          "end": { "line": 8, "column": 78 }
        },
        "line": 8
      },
      "6": {
        "name": "(anonymous_6)",
        "decl": {
          "start": { "line": 9, "column": 34 },
          "end": { "line": 9, "column": 35 }
        },
        "loc": {
          "start": { "line": 9, "column": 43 },
          "end": { "line": 9, "column": 68 }
        },
        "line": 9
      },
      "7": {
        "name": "(anonymous_7)",
        "decl": {
          "start": { "line": 10, "column": 32 },
          "end": { "line": 10, "column": 33 }
        },
        "loc": {
          "start": { "line": 10, "column": 41 },
          "end": { "line": 10, "column": 64 }
        },
        "line": 10
      },
      "8": {
        "name": "(anonymous_8)",
        "decl": {
          "start": { "line": 11, "column": 40 },
          "end": { "line": 11, "column": 41 }
        },
        "loc": {
          "start": { "line": 11, "column": 49 },
          "end": { "line": 11, "column": 80 }
        },
        "line": 11
      },
      "9": {
        "name": "(anonymous_9)",
        "decl": {
          "start": { "line": 12, "column": 36 },
          "end": { "line": 12, "column": 37 }
        },
        "loc": {
          "start": { "line": 12, "column": 45 },
          "end": { "line": 12, "column": 72 }
        },
        "line": 12
      },
      "10": {
        "name": "(anonymous_10)",
        "decl": {
          "start": { "line": 16, "column": 4 },
          "end": { "line": 16, "column": 5 }
        },
        "loc": {
          "start": { "line": 16, "column": 21 },
          "end": { "line": 16, "column": 39 }
        },
        "line": 16
      },
      "11": {
        "name": "(anonymous_11)",
        "decl": {
          "start": { "line": 21, "column": 4 },
          "end": { "line": 21, "column": 5 }
        },
        "loc": {
          "start": { "line": 21, "column": 29 },
          "end": { "line": 21, "column": 55 }
        },
        "line": 21
      },
      "12": {
        "name": "(anonymous_12)",
        "decl": {
          "start": { "line": 26, "column": 4 },
          "end": { "line": 26, "column": 5 }
        },
        "loc": {
          "start": { "line": 26, "column": 23 },
          "end": { "line": 26, "column": 43 }
        },
        "line": 26
      },
      "13": {
        "name": "(anonymous_13)",
        "decl": {
          "start": { "line": 31, "column": 4 },
          "end": { "line": 31, "column": 5 }
        },
        "loc": {
          "start": { "line": 31, "column": 20 },
          "end": { "line": 31, "column": 37 }
        },
        "line": 31
      },
      "14": {
        "name": "(anonymous_14)",
        "decl": {
          "start": { "line": 36, "column": 4 },
          "end": { "line": 36, "column": 5 }
        },
        "loc": {
          "start": { "line": 36, "column": 19 },
          "end": { "line": 36, "column": 35 }
        },
        "line": 36
      },
      "15": {
        "name": "(anonymous_15)",
        "decl": {
          "start": { "line": 41, "column": 4 },
          "end": { "line": 41, "column": 5 }
        },
        "loc": {
          "start": { "line": 41, "column": 25 },
          "end": { "line": 41, "column": 47 }
        },
        "line": 41
      },
      "16": {
        "name": "(anonymous_16)",
        "decl": {
          "start": { "line": 46, "column": 4 },
          "end": { "line": 46, "column": 5 }
        },
        "loc": {
          "start": { "line": 46, "column": 20 },
          "end": { "line": 46, "column": 37 }
        },
        "line": 46
      },
      "17": {
        "name": "(anonymous_17)",
        "decl": {
          "start": { "line": 51, "column": 4 },
          "end": { "line": 51, "column": 5 }
        },
        "loc": {
          "start": { "line": 51, "column": 18 },
          "end": { "line": 51, "column": 33 }
        },
        "line": 51
      },
      "18": {
        "name": "(anonymous_18)",
        "decl": {
          "start": { "line": 56, "column": 4 },
          "end": { "line": 56, "column": 5 }
        },
        "loc": {
          "start": { "line": 56, "column": 26 },
          "end": { "line": 56, "column": 49 }
        },
        "line": 56
      },
      "19": {
        "name": "(anonymous_19)",
        "decl": {
          "start": { "line": 61, "column": 4 },
          "end": { "line": 61, "column": 5 }
        },
        "loc": {
          "start": { "line": 61, "column": 22 },
          "end": { "line": 61, "column": 41 }
        },
        "line": 61
      }
    },
    "branchMap": {},
    "s": {
      "0": 1,
      "1": 4,
      "2": 1,
      "3": 4,
      "4": 1,
      "5": 4,
      "6": 1,
      "7": 4,
      "8": 1,
      "9": 4,
      "10": 1,
      "11": 4,
      "12": 1,
      "13": 4,
      "14": 1,
      "15": 4,
      "16": 1,
      "17": 4,
      "18": 1,
      "19": 4,
      "20": 1,
      "21": 2,
      "22": 1,
      "23": 2,
      "24": 1,
      "25": 2,
      "26": 1,
      "27": 2,
      "28": 1,
      "29": 2,
      "30": 1,
      "31": 2,
      "32": 1,
      "33": 2,
      "34": 1,
      "35": 2,
      "36": 1,
      "37": 2,
      "38": 1,
      "39": 2
    },
    "f": {
      "0": 4,
      "1": 4,
      "2": 4,
      "3": 4,
      "4": 4,
      "5": 4,
      "6": 4,
      "7": 4,
      "8": 4,
      "9": 4,
      "10": 2,
      "11": 2,
      "12": 2,
      "13": 2,
      "14": 2,
      "15": 2,
      "16": 2,
      "17": 2,
      "18": 2,
      "19": 2
    },
    "b": {},
    "_coverageSchema": "1a1c01bbd47fc00a2c39e90264f33305004495a9",
    "hash": "b32bb00089f0194db97dd618149f7cb1ae7e52cc"
  },
  "/Users/yunzng/Downloads/testing/Fakeflix/src/redux/series/series.types.js": {
    "path": "/Users/yunzng/Downloads/testing/Fakeflix/src/redux/series/series.types.js",
    "statementMap": {
      "0": {
        "start": { "line": 1, "column": 33 },
        "end": { "line": 51, "column": 1 }
      }
    },
    "fnMap": {},
    "branchMap": {},
    "s": { "0": 13 },
    "f": {},
    "b": {},
    "_coverageSchema": "1a1c01bbd47fc00a2c39e90264f33305004495a9",
    "hash": "e2e886157adb4fd03d48ceeb3b391da11bbed088"
  },
  "/Users/yunzng/Downloads/testing/Fakeflix/src/redux/series/trending.reducer.js": {
    "path": "/Users/yunzng/Downloads/testing/Fakeflix/src/redux/series/trending.reducer.js",
    "statementMap": {
      "0": {
        "start": { "line": 3, "column": 21 },
        "end": { "line": 7, "column": 1 }
      },
      "1": {
        "start": { "line": 9, "column": 30 },
        "end": { "line": 40, "column": 1 }
      },
      "2": {
        "start": { "line": 10, "column": 4 },
        "end": { "line": 39, "column": 5 }
      },
      "3": {
        "start": { "line": 12, "column": 12 },
        "end": { "line": 15, "column": 13 }
      },
      "4": {
        "start": { "line": 17, "column": 12 },
        "end": { "line": 22, "column": 13 }
      },
      "5": {
        "start": { "line": 24, "column": 12 },
        "end": { "line": 29, "column": 13 }
      },
      "6": {
        "start": { "line": 31, "column": 12 },
        "end": { "line": 36, "column": 13 }
      },
      "7": {
        "start": { "line": 38, "column": 12 },
        "end": { "line": 38, "column": 25 }
      }
    },
    "fnMap": {
      "0": {
        "name": "(anonymous_0)",
        "decl": {
          "start": { "line": 9, "column": 30 },
          "end": { "line": 9, "column": 31 }
        },
        "loc": {
          "start": { "line": 9, "column": 73 },
          "end": { "line": 40, "column": 1 }
        },
        "line": 9
      }
    },
    "branchMap": {
      "0": {
        "loc": {
          "start": { "line": 9, "column": 31 },
          "end": { "line": 9, "column": 51 }
        },
        "type": "default-arg",
        "locations": [
          {
            "start": { "line": 9, "column": 39 },
            "end": { "line": 9, "column": 51 }
          }
        ],
        "line": 9
      },
      "1": {
        "loc": {
          "start": { "line": 10, "column": 4 },
          "end": { "line": 39, "column": 5 }
        },
        "type": "switch",
        "locations": [
          {
            "start": { "line": 11, "column": 8 },
            "end": { "line": 15, "column": 13 }
          },
          {
            "start": { "line": 16, "column": 8 },
            "end": { "line": 22, "column": 13 }
          },
          {
            "start": { "line": 23, "column": 8 },
            "end": { "line": 29, "column": 13 }
          },
          {
            "start": { "line": 30, "column": 8 },
            "end": { "line": 36, "column": 13 }
          },
          {
            "start": { "line": 37, "column": 8 },
            "end": { "line": 38, "column": 25 }
          }
        ],
        "line": 10
      }
    },
    "s": { "0": 3, "1": 3, "2": 17, "3": 1, "4": 1, "5": 1, "6": 1, "7": 13 },
    "f": { "0": 17 },
    "b": { "0": [10], "1": [1, 1, 1, 1, 13] },
    "_coverageSchema": "1a1c01bbd47fc00a2c39e90264f33305004495a9",
    "hash": "1cf8dea1d1badbaf6c691c85be07707d025368ed"
  },
  "/Users/yunzng/Downloads/testing/Fakeflix/src/utils/test-utils.js": {
    "path": "/Users/yunzng/Downloads/testing/Fakeflix/src/utils/test-utils.js",
    "statementMap": {},
    "fnMap": {},
    "branchMap": {},
    "s": {},
    "f": {},
    "b": {}
  }
}
