TN:
SF:src/App.js
FN:21,(anonymous_0)
FN:28,(anonymous_1)
FN:58,(anonymous_2)
FN:65,(anonymous_3)
FN:72,(anonymous_4)
FN:79,(anonymous_5)
FN:84,(anonymous_6)
FN:91,(anonymous_7)
FN:96,(anonymous_8)
FN:103,(anonymous_9)
FN:108,(anonymous_10)
FN:115,(anonymous_11)
FN:120,(anonymous_12)
FNF:13
FNH:0
FNDA:0,(anonymous_0)
FNDA:0,(anonymous_1)
FNDA:0,(anonymous_2)
FNDA:0,(anonymous_3)
FNDA:0,(anonymous_4)
FNDA:0,(anonymous_5)
FNDA:0,(anonymous_6)
FNDA:0,(anonymous_7)
FNDA:0,(anonymous_8)
FNDA:0,(anonymous_9)
FNDA:0,(anonymous_10)
FNDA:0,(anonymous_11)
FNDA:0,(anonymous_12)
DA:21,0
DA:23,0
DA:24,0
DA:25,0
DA:26,0
DA:28,0
DA:29,0
DA:32,0
DA:58,0
DA:65,0
DA:72,0
DA:79,0
DA:84,0
DA:91,0
DA:96,0
DA:103,0
DA:108,0
DA:115,0
DA:120,0
LF:19
LH:0
BRDA:34,0,0,0
BRDA:34,0,1,0
BRDA:58,1,0,0
BRDA:58,1,1,0
BRDA:59,2,0,0
BRDA:59,2,1,0
BRDA:65,3,0,0
BRDA:65,3,1,0
BRDA:72,4,0,0
BRDA:72,4,1,0
BRDA:79,5,0,0
BRDA:79,5,1,0
BRDA:84,6,0,0
BRDA:84,6,1,0
BRDA:91,7,0,0
BRDA:91,7,1,0
BRDA:96,8,0,0
BRDA:96,8,1,0
BRDA:103,9,0,0
BRDA:103,9,1,0
BRDA:108,10,0,0
BRDA:108,10,1,0
BRDA:115,11,0,0
BRDA:115,11,1,0
BRDA:120,12,0,0
BRDA:120,12,1,0
BRF:26
BRH:0
end_of_record
TN:
SF:src/axiosInstance.js
FNF:0
FNH:0
DA:3,0
LF:1
LH:0
BRF:0
BRH:0
end_of_record
TN:
SF:src/dataConfig.js
FNF:0
FNH:0
DA:50,0
DA:52,0
DA:136,0
DA:220,0
DA:247,0
LF:5
LH:0
BRF:0
BRH:0
end_of_record
TN:
SF:src/motionUtils.js
FNF:0
FNH:0
DA:1,1
DA:3,1
DA:7,1
DA:11,1
DA:16,1
DA:21,1
DA:26,1
DA:31,1
DA:36,1
DA:42,1
DA:48,1
DA:54,1
DA:60,1
DA:66,1
DA:72,1
LF:15
LH:15
BRF:0
BRH:0
end_of_record
TN:
SF:src/requests.js
FNF:0
FNH:0
DA:3,1
DA:4,1
DA:5,1
DA:6,1
DA:7,1
DA:8,1
DA:9,1
DA:10,1
DA:11,1
DA:12,1
DA:13,1
DA:14,1
DA:15,1
DA:16,1
DA:18,1
LF:15
LH:15
BRF:0
BRH:0
end_of_record
TN:
SF:src/setupTests.js
FNF:0
FNH:0
LF:0
LH:0
BRF:0
BRH:0
end_of_record
TN:
SF:src/utils.js
FN:1,(anonymous_0)
FN:9,(anonymous_1)
FN:11,(anonymous_2)
FN:15,(anonymous_3)
FN:19,(anonymous_4)
FNF:5
FNH:1
FNDA:1,(anonymous_0)
FNDA:0,(anonymous_1)
FNDA:0,(anonymous_2)
FNDA:0,(anonymous_3)
FNDA:0,(anonymous_4)
DA:1,1
DA:2,1
DA:3,1
DA:4,1
DA:6,1
DA:9,1
DA:11,1
DA:12,0
DA:15,1
DA:16,0
DA:19,1
DA:20,0
LF:12
LH:9
BRDA:20,0,0,0
BRDA:20,0,1,0
BRF:2
BRH:0
end_of_record
TN:
SF:src/components/Banner/Banner.jsx
FN:16,(anonymous_0)
FN:37,(anonymous_1)
FN:41,(anonymous_2)
FNF:3
FNH:0
FNDA:0,(anonymous_0)
FNDA:0,(anonymous_1)
FNDA:0,(anonymous_2)
DA:16,0
DA:18,0
DA:20,0
DA:21,0
DA:23,0
DA:24,0
DA:26,0
DA:27,0
DA:30,0
DA:31,0
DA:32,0
DA:33,0
DA:34,0
DA:35,0
DA:37,0
DA:38,0
DA:41,0
DA:42,0
DA:45,0
LF:19
LH:0
BRDA:18,0,0,0
BRDA:18,0,1,0
BRDA:18,0,2,0
BRDA:33,1,0,0
BRDA:33,1,1,0
BRDA:33,1,2,0
BRDA:54,2,0,0
BRDA:54,2,1,0
BRDA:55,3,0,0
BRDA:55,3,1,0
BRDA:58,4,0,0
BRDA:58,4,1,0
BRDA:58,4,2,0
BRF:13
BRH:0
end_of_record
TN:
SF:src/components/Credits/Credits.jsx
FN:6,(anonymous_0)
FNF:1
FNH:0
FNDA:0,(anonymous_0)
DA:6,0
DA:7,0
LF:2
LH:0
BRF:0
BRH:0
end_of_record
TN:
SF:src/components/DetailModal/DetailModal.jsx
FN:16,(anonymous_0)
FN:21,(anonymous_1)
FN:28,(anonymous_2)
FN:32,(anonymous_3)
FN:37,(anonymous_4)
FN:41,(anonymous_5)
FNF:6
FNH:0
FNDA:0,(anonymous_0)
FNDA:0,(anonymous_1)
FNDA:0,(anonymous_2)
FNDA:0,(anonymous_3)
FNDA:0,(anonymous_4)
FNDA:0,(anonymous_5)
DA:16,0
DA:18,0
DA:19,0
DA:20,0
DA:21,0
DA:22,0
DA:23,0
DA:24,0
DA:25,0
DA:26,0
DA:28,0
DA:29,0
DA:30,0
DA:32,0
DA:33,0
DA:34,0
DA:35,0
DA:37,0
DA:38,0
DA:39,0
DA:41,0
DA:42,0
DA:45,0
LF:23
LH:0
BRDA:23,0,0,0
BRDA:23,0,1,0
BRDA:24,1,0,0
BRDA:24,1,1,0
BRDA:24,2,0,0
BRDA:24,2,1,0
BRDA:25,3,0,0
BRDA:25,3,1,0
BRDA:25,4,0,0
BRDA:25,4,1,0
BRDA:35,5,0,0
BRDA:35,5,1,0
BRDA:42,6,0,0
BRDA:42,6,1,0
BRDA:47,7,0,0
BRDA:47,7,1,0
BRDA:55,8,0,0
BRDA:55,8,1,0
BRDA:61,9,0,0
BRDA:61,9,1,0
BRDA:73,10,0,0
BRDA:73,10,1,0
BRDA:85,11,0,0
BRDA:85,11,1,0
BRDA:108,12,0,0
BRDA:108,12,1,0
BRDA:114,13,0,0
BRDA:114,13,1,0
BRF:28
BRH:0
end_of_record
TN:
SF:src/components/InputField/InputField.jsx
FN:3,(anonymous_0)
FNF:1
FNH:0
FNDA:0,(anonymous_0)
DA:3,1
DA:13,0
LF:2
LH:1
BRDA:20,0,0,0
BRDA:20,0,1,0
BRDA:21,1,0,0
BRDA:21,1,1,0
BRDA:26,2,0,0
BRDA:26,2,1,0
BRF:6
BRH:0
end_of_record
TN:
SF:src/components/Loader/Loader.jsx
FN:3,(anonymous_0)
FNF:1
FNH:0
FNDA:0,(anonymous_0)
DA:3,1
LF:1
LH:1
BRF:0
BRH:0
end_of_record
TN:
SF:src/components/Navbar/Navbar.jsx
FN:16,(anonymous_0)
FN:26,(anonymous_1)
FN:29,(anonymous_2)
FN:76,(anonymous_3)
FN:125,(anonymous_4)
FN:142,(anonymous_5)
FNF:6
FNH:0
FNDA:0,(anonymous_0)
FNDA:0,(anonymous_1)
FNDA:0,(anonymous_2)
FNDA:0,(anonymous_3)
FNDA:0,(anonymous_4)
FNDA:0,(anonymous_5)
DA:16,0
DA:17,0
DA:18,0
DA:19,0
DA:20,0
DA:21,0
DA:22,0
DA:23,0
DA:24,0
DA:26,0
DA:27,0
DA:29,0
DA:30,0
DA:33,0
DA:76,0
DA:125,0
DA:142,0
LF:17
LH:0
BRDA:27,0,0,0
BRDA:27,0,1,0
BRDA:30,1,0,0
BRDA:30,1,1,0
BRDA:36,2,0,0
BRDA:36,2,1,0
BRDA:43,3,0,0
BRDA:43,3,1,0
BRDA:45,4,0,0
BRDA:45,4,1,0
BRDA:75,5,0,0
BRDA:75,5,1,0
BRDA:81,6,0,0
BRDA:81,6,1,0
BRDA:83,7,0,0
BRDA:83,7,1,0
BRDA:124,8,0,0
BRDA:124,8,1,0
BRDA:129,9,0,0
BRDA:129,9,1,0
BRDA:129,10,0,0
BRDA:129,10,1,0
BRDA:133,11,0,0
BRDA:133,11,1,0
BRDA:134,12,0,0
BRDA:134,12,1,0
BRDA:139,13,0,0
BRDA:139,13,1,0
BRF:28
BRH:0
end_of_record
TN:
SF:src/components/PlayAnimation/PlayAnimation.jsx
FN:6,(anonymous_0)
FN:10,(anonymous_1)
FN:15,(anonymous_2)
FN:17,(anonymous_3)
FNF:4
FNH:0
FNDA:0,(anonymous_0)
FNDA:0,(anonymous_1)
FNDA:0,(anonymous_2)
FNDA:0,(anonymous_3)
DA:6,0
DA:8,0
DA:9,0
DA:10,0
DA:11,0
DA:12,0
DA:15,0
DA:16,0
DA:17,0
DA:18,0
DA:22,0
LF:11
LH:0
BRF:0
BRH:0
end_of_record
TN:
SF:src/components/Poster/Poster.jsx
FN:12,(anonymous_0)
FN:18,(anonymous_1)
FN:22,(anonymous_2)
FN:27,(anonymous_3)
FN:31,(anonymous_4)
FN:78,(anonymous_5)
FNF:6
FNH:0
FNDA:0,(anonymous_0)
FNDA:0,(anonymous_1)
FNDA:0,(anonymous_2)
FNDA:0,(anonymous_3)
FNDA:0,(anonymous_4)
FNDA:0,(anonymous_5)
DA:12,0
DA:13,0
DA:14,0
DA:15,0
DA:16,0
DA:18,0
DA:19,0
DA:20,0
DA:22,0
DA:23,0
DA:24,0
DA:27,0
DA:28,0
DA:31,0
DA:32,0
DA:35,0
DA:79,0
LF:17
LH:0
BRDA:14,0,0,0
BRDA:14,0,1,0
BRDA:14,0,2,0
BRDA:14,0,3,0
BRDA:41,1,0,0
BRDA:41,1,1,0
BRDA:60,2,0,0
BRDA:60,2,1,0
BRDA:78,3,0,0
BRDA:78,3,1,0
BRF:10
BRH:0
end_of_record
TN:
SF:src/components/Row/Row.jsx
FN:20,(anonymous_0)
FN:54,(anonymous_1)
FN:59,(anonymous_2)
FN:63,(anonymous_3)
FN:109,(anonymous_4)
FN:116,(anonymous_5)
FNF:6
FNH:0
FNDA:0,(anonymous_0)
FNDA:0,(anonymous_1)
FNDA:0,(anonymous_2)
FNDA:0,(anonymous_3)
FNDA:0,(anonymous_4)
FNDA:0,(anonymous_5)
DA:18,0
DA:20,0
DA:21,0
DA:22,0
DA:23,0
DA:24,0
DA:27,0
DA:28,0
DA:29,0
DA:54,0
DA:55,0
DA:56,0
DA:59,0
DA:60,0
DA:63,0
DA:64,0
DA:66,0
DA:67,0
DA:69,0
DA:70,0
DA:71,0
DA:72,0
DA:73,0
DA:74,0
DA:75,0
DA:76,0
DA:77,0
DA:81,0
DA:110,0
DA:111,0
DA:117,0
LF:31
LH:0
BRDA:43,0,0,0
BRDA:43,0,1,0
BRDA:43,1,0,0
BRDA:43,1,1,0
BRDA:43,2,0,0
BRDA:43,2,1,0
BRDA:55,3,0,0
BRDA:55,3,1,0
BRDA:56,4,0,0
BRDA:56,4,1,0
BRDA:66,5,0,0
BRDA:66,5,1,0
BRDA:67,6,0,0
BRDA:67,6,1,0
BRDA:69,7,0,0
BRDA:69,7,1,0
BRDA:70,8,0,0
BRDA:70,8,1,0
BRDA:71,9,0,0
BRDA:71,9,1,0
BRDA:72,10,0,0
BRDA:72,10,1,0
BRDA:73,11,0,0
BRDA:73,11,1,0
BRDA:74,12,0,0
BRDA:74,12,1,0
BRDA:75,13,0,0
BRDA:75,13,1,0
BRDA:76,14,0,0
BRDA:76,14,1,0
BRDA:77,15,0,0
BRDA:77,15,1,0
BRDA:83,16,0,0
BRDA:83,16,1,0
BRDA:84,17,0,0
BRDA:84,17,1,0
BRDA:99,18,0,0
BRDA:99,18,1,0
BRDA:99,18,2,0
BRDA:114,19,0,0
BRDA:114,19,1,0
BRDA:114,19,2,0
BRF:42
BRH:0
end_of_record
TN:
SF:src/components/RowPoster/RowPoster.jsx
FN:10,(anonymous_0)
FN:16,(anonymous_1)
FN:20,(anonymous_2)
FN:24,(anonymous_3)
FN:27,(anonymous_4)
FN:78,(anonymous_5)
FNF:6
FNH:0
FNDA:0,(anonymous_0)
FNDA:0,(anonymous_1)
FNDA:0,(anonymous_2)
FNDA:0,(anonymous_3)
FNDA:0,(anonymous_4)
FNDA:0,(anonymous_5)
DA:10,0
DA:11,0
DA:12,0
DA:13,0
DA:14,0
DA:16,0
DA:17,0
DA:18,0
DA:20,0
DA:21,0
DA:22,0
DA:24,0
DA:25,0
DA:27,0
DA:28,0
DA:32,0
DA:79,0
LF:17
LH:0
BRDA:12,0,0,0
BRDA:12,0,1,0
BRDA:12,0,2,0
BRDA:12,0,3,0
BRDA:34,1,0,0
BRDA:34,1,1,0
BRDA:37,2,0,0
BRDA:37,2,1,0
BRDA:38,3,0,0
BRDA:38,3,1,0
BRDA:41,4,0,0
BRDA:41,4,1,0
BRDA:60,5,0,0
BRDA:60,5,1,0
BRDA:78,6,0,0
BRDA:78,6,1,0
BRF:16
BRH:0
end_of_record
TN:
SF:src/components/Searchbar/Searchbar.jsx
FN:10,(anonymous_0)
FN:19,(anonymous_1)
FN:26,(anonymous_2)
FN:31,(anonymous_3)
FN:37,(anonymous_4)
FNF:5
FNH:0
FNDA:0,(anonymous_0)
FNDA:0,(anonymous_1)
FNDA:0,(anonymous_2)
FNDA:0,(anonymous_3)
FNDA:0,(anonymous_4)
DA:10,0
DA:12,0
DA:13,0
DA:14,0
DA:15,0
DA:16,0
DA:17,0
DA:19,0
DA:20,0
DA:21,0
DA:22,0
DA:26,0
DA:27,0
DA:28,0
DA:31,0
DA:32,0
DA:33,0
DA:34,0
DA:37,0
DA:38,0
DA:39,0
DA:40,0
DA:42,0
DA:43,0
DA:44,0
DA:45,0
DA:48,0
LF:27
LH:0
BRDA:20,0,0,0
BRDA:20,0,1,0
BRDA:42,1,0,0
BRDA:42,1,1,0
BRDA:56,2,0,0
BRDA:56,2,1,0
BRDA:65,3,0,0
BRDA:65,3,1,0
BRDA:65,3,2,0
BRF:9
BRH:0
end_of_record
TN:
SF:src/components/SignIn/SignIn.jsx
FN:12,(anonymous_0)
FN:19,(anonymous_1)
FN:74,(anonymous_2)
FN:84,(anonymous_3)
FNF:4
FNH:0
FNDA:0,(anonymous_0)
FNDA:0,(anonymous_1)
FNDA:0,(anonymous_2)
FNDA:0,(anonymous_3)
DA:12,1
DA:13,0
DA:14,0
DA:15,0
DA:19,0
DA:20,0
DA:21,0
DA:24,0
DA:74,0
DA:84,0
LF:10
LH:1
BRDA:65,0,0,0
BRDA:65,0,1,0
BRDA:68,1,0,0
BRDA:68,1,1,0
BRDA:73,2,0,0
BRDA:73,2,1,0
BRDA:77,3,0,0
BRDA:77,3,1,0
BRDA:78,4,0,0
BRDA:78,4,1,0
BRDA:83,5,0,0
BRDA:83,5,1,0
BRDA:87,6,0,0
BRDA:87,6,1,0
BRF:14
BRH:0
end_of_record
TN:
SF:src/components/SignUp/SignUp.jsx
FN:11,(anonymous_0)
FN:18,(anonymous_1)
FN:84,(anonymous_2)
FNF:3
FNH:0
FNDA:0,(anonymous_0)
FNDA:0,(anonymous_1)
FNDA:0,(anonymous_2)
DA:11,0
DA:12,0
DA:13,0
DA:14,0
DA:18,0
DA:19,0
DA:20,0
DA:23,0
DA:85,0
DA:86,0
LF:10
LH:0
BRDA:86,0,0,0
BRDA:86,0,1,0
BRDA:86,0,2,0
BRDA:97,1,0,0
BRDA:97,1,1,0
BRDA:100,2,0,0
BRDA:100,2,1,0
BRF:7
BRH:0
end_of_record
TN:
SF:src/components/SkeletonBanner/SkeletonBanner.jsx
FN:4,(anonymous_0)
FNF:1
FNH:0
FNDA:0,(anonymous_0)
DA:4,0
DA:5,0
LF:2
LH:0
BRF:0
BRH:0
end_of_record
TN:
SF:src/components/SkeletonElement/SkeletonElement.jsx
FN:3,(anonymous_0)
FNF:1
FNH:0
FNDA:0,(anonymous_0)
DA:3,0
LF:1
LH:0
BRF:0
BRH:0
end_of_record
TN:
SF:src/components/SkeletonPage/SkeletonPage.jsx
FN:5,(anonymous_0)
FNF:1
FNH:0
FNDA:0,(anonymous_0)
DA:5,0
DA:6,0
LF:2
LH:0
BRF:0
BRH:0
end_of_record
TN:
SF:src/components/SkeletonPoster/SkeletonPoster.jsx
FN:5,(anonymous_0)
FN:13,(anonymous_1)
FNF:2
FNH:0
FNDA:0,(anonymous_0)
FNDA:0,(anonymous_1)
DA:5,0
DA:7,0
DA:8,0
DA:10,0
DA:14,0
LF:5
LH:0
BRDA:8,0,0,0
BRDA:8,0,1,0
BRDA:8,1,0,0
BRDA:8,1,1,0
BRDA:8,2,0,0
BRDA:8,2,1,0
BRDA:8,3,0,0
BRDA:8,3,1,0
BRF:8
BRH:0
end_of_record
TN:
SF:src/components/SplashAnimation/SplashAnimation.jsx
FN:7,(anonymous_0)
FN:12,(anonymous_1)
FN:17,(anonymous_2)
FN:17,(anonymous_3)
FN:21,(anonymous_4)
FN:22,(anonymous_5)
FN:25,(anonymous_6)
FNF:7
FNH:0
FNDA:0,(anonymous_0)
FNDA:0,(anonymous_1)
FNDA:0,(anonymous_2)
FNDA:0,(anonymous_3)
FNDA:0,(anonymous_4)
FNDA:0,(anonymous_5)
FNDA:0,(anonymous_6)
DA:7,0
DA:9,0
DA:10,0
DA:12,0
DA:13,0
DA:14,0
DA:16,0
DA:17,0
DA:21,0
DA:22,0
DA:23,0
DA:25,0
DA:26,0
DA:30,0
LF:14
LH:0
BRDA:16,0,0,0
BRDA:16,0,1,0
BRF:2
BRH:0
end_of_record
TN:
SF:src/firebase/firebaseUtils.js
FN:18,(anonymous_0)
FN:43,(anonymous_1)
FN:44,(anonymous_2)
FN:45,(anonymous_3)
FN:61,(anonymous_4)
FNF:5
FNH:0
FNDA:0,(anonymous_0)
FNDA:0,(anonymous_1)
FNDA:0,(anonymous_2)
FNDA:0,(anonymous_3)
FNDA:0,(anonymous_4)
DA:5,2
DA:8,2
DA:18,2
DA:19,0
DA:21,0
DA:22,0
DA:24,0
DA:25,0
DA:26,0
DA:27,0
DA:28,0
DA:36,0
DA:40,0
DA:43,2
DA:44,0
DA:45,0
DA:46,0
DA:47,0
DA:53,2
DA:55,2
DA:56,2
DA:59,2
DA:60,2
DA:61,2
LF:24
LH:10
BRDA:19,0,0,0
BRDA:19,0,1,0
BRDA:24,1,0,0
BRDA:24,1,1,0
BRF:4
BRH:0
end_of_record
TN:
SF:src/hooks/useGenreConversion.js
FN:3,(anonymous_0)
FN:7,(anonymous_1)
FN:9,(anonymous_2)
FN:10,(anonymous_3)
FNF:4
FNH:0
FNDA:0,(anonymous_0)
FNDA:0,(anonymous_1)
FNDA:0,(anonymous_2)
FNDA:0,(anonymous_3)
DA:3,0
DA:4,0
DA:5,0
DA:8,0
DA:9,0
DA:10,0
DA:13,0
LF:7
LH:0
BRF:0
BRH:0
end_of_record
TN:
SF:src/hooks/useLazyLoad.js
FN:3,(anonymous_0)
FN:8,(anonymous_1)
FN:16,(anonymous_2)
FN:20,(anonymous_3)
FNF:4
FNH:0
FNDA:0,(anonymous_0)
FNDA:0,(anonymous_1)
FNDA:0,(anonymous_2)
FNDA:0,(anonymous_3)
DA:3,0
DA:4,0
DA:5,0
DA:6,0
DA:8,0
DA:9,0
DA:10,0
DA:12,0
DA:16,0
DA:17,0
DA:18,0
DA:20,0
DA:21,0
DA:25,0
LF:14
LH:0
BRDA:12,0,0,0
BRDA:12,0,1,0
BRDA:18,1,0,0
BRDA:18,1,1,0
BRDA:21,2,0,0
BRDA:21,2,1,0
BRF:6
BRH:0
end_of_record
TN:
SF:src/hooks/useOutsideClick.js
FN:3,(anonymous_0)
FN:5,(anonymous_1)
FN:11,(anonymous_2)
FN:13,(anonymous_3)
FNF:4
FNH:0
FNDA:0,(anonymous_0)
FNDA:0,(anonymous_1)
FNDA:0,(anonymous_2)
FNDA:0,(anonymous_3)
DA:3,0
DA:5,0
DA:6,0
DA:7,0
DA:11,0
DA:12,0
DA:13,0
LF:7
LH:0
BRDA:6,0,0,0
BRDA:6,0,1,0
BRDA:6,1,0,0
BRDA:6,1,1,0
BRF:4
BRH:0
end_of_record
TN:
SF:src/hooks/useRetrieveCategory.js
FN:5,(anonymous_0)
FN:10,(anonymous_1)
FN:27,(anonymous_2)
FNF:3
FNH:0
FNDA:0,(anonymous_0)
FNDA:0,(anonymous_1)
FNDA:0,(anonymous_2)
DA:5,0
DA:7,0
DA:8,0
DA:10,0
DA:11,0
DA:12,0
DA:15,0
DA:16,0
DA:18,0
DA:19,0
DA:21,0
DA:22,0
DA:24,0
DA:27,0
DA:28,0
DA:29,0
DA:33,0
LF:17
LH:0
BRDA:12,0,0,0
BRDA:12,0,1,0
BRDA:12,0,2,0
BRDA:12,0,3,0
BRDA:12,0,4,0
BRF:5
BRH:0
end_of_record
TN:
SF:src/hooks/useRetrieveData.js
FN:5,(anonymous_0)
FN:10,(anonymous_1)
FN:27,(anonymous_2)
FNF:3
FNH:0
FNDA:0,(anonymous_0)
FNDA:0,(anonymous_1)
FNDA:0,(anonymous_2)
DA:5,0
DA:7,0
DA:8,0
DA:10,0
DA:11,0
DA:12,0
DA:14,0
DA:15,0
DA:17,0
DA:18,0
DA:20,0
DA:21,0
DA:23,0
DA:26,0
DA:27,0
DA:28,0
DA:29,0
DA:37,0
DA:41,0
LF:19
LH:0
BRDA:12,0,0,0
BRDA:12,0,1,0
BRDA:12,0,2,0
BRDA:12,0,3,0
BRF:4
BRH:0
end_of_record
TN:
SF:src/hooks/useScroll.js
FN:3,(anonymous_0)
FN:6,(anonymous_1)
FN:7,(anonymous_2)
FN:12,(anonymous_3)
FNF:4
FNH:0
FNDA:0,(anonymous_0)
FNDA:0,(anonymous_1)
FNDA:0,(anonymous_2)
FNDA:0,(anonymous_3)
DA:3,0
DA:4,0
DA:6,0
DA:7,0
DA:8,0
DA:11,0
DA:12,0
DA:15,0
LF:8
LH:0
BRDA:8,0,0,0
BRDA:8,0,1,0
BRF:2
BRH:0
end_of_record
TN:
SF:src/hooks/useViewport.js
FN:3,(anonymous_0)
FN:7,(anonymous_1)
FN:12,(anonymous_2)
FN:14,(anonymous_3)
FNF:4
FNH:0
FNDA:0,(anonymous_0)
FNDA:0,(anonymous_1)
FNDA:0,(anonymous_2)
FNDA:0,(anonymous_3)
DA:3,0
DA:4,0
DA:5,0
DA:7,0
DA:8,0
DA:9,0
DA:12,0
DA:13,0
DA:14,0
DA:17,0
LF:10
LH:0
BRF:0
BRH:0
end_of_record
TN:
SF:src/pages/Auth/Auth.jsx
FN:12,(anonymous_0)
FN:50,(anonymous_1)
FNF:2
FNH:0
FNDA:0,(anonymous_0)
FNDA:0,(anonymous_1)
DA:12,0
DA:13,0
DA:14,0
DA:16,0
DA:50,0
LF:5
LH:0
BRDA:38,0,0,0
BRDA:38,0,1,0
BRDA:41,1,0,0
BRDA:41,1,1,0
BRDA:43,2,0,0
BRDA:43,2,1,0
BRDA:44,3,0,0
BRDA:44,3,1,0
BRDA:47,4,0,0
BRDA:47,4,1,0
BRDA:51,5,0,0
BRDA:51,5,1,0
BRF:12
BRH:0
end_of_record
TN:
SF:src/pages/Category/Category.jsx
FN:13,(anonymous_0)
FN:19,(anonymous_1)
FN:22,(anonymous_2)
FN:22,(anonymous_3)
FN:39,(anonymous_4)
FNF:5
FNH:0
FNDA:0,(anonymous_0)
FNDA:0,(anonymous_1)
FNDA:0,(anonymous_2)
FNDA:0,(anonymous_3)
FNDA:0,(anonymous_4)
DA:13,0
DA:14,0
DA:15,0
DA:16,0
DA:17,0
DA:18,0
DA:19,0
DA:20,0
DA:21,0
DA:22,0
DA:23,0
DA:25,0
DA:40,0
LF:13
LH:0
BRDA:20,0,0,0
BRDA:20,0,1,0
BRDA:27,1,0,0
BRDA:27,1,1,0
BRDA:38,2,0,0
BRDA:38,2,1,0
BRDA:38,2,2,0
BRDA:47,3,0,0
BRDA:47,3,1,0
BRDA:48,4,0,0
BRDA:48,4,1,0
BRDA:49,5,0,0
BRDA:49,5,1,0
BRF:13
BRH:0
end_of_record
TN:
SF:src/pages/Homepage/Homepage.jsx
FN:9,(anonymous_0)
FN:21,(anonymous_1)
FNF:2
FNH:0
FNDA:0,(anonymous_0)
FNDA:0,(anonymous_1)
DA:9,0
DA:10,0
DA:12,0
DA:22,0
LF:4
LH:0
BRDA:21,0,0,0
BRDA:21,0,1,0
BRF:2
BRH:0
end_of_record
TN:
SF:src/pages/Movies/Movies.jsx
FN:9,(anonymous_0)
FN:21,(anonymous_1)
FNF:2
FNH:0
FNDA:0,(anonymous_0)
FNDA:0,(anonymous_1)
DA:9,0
DA:10,0
DA:12,0
DA:22,0
LF:4
LH:0
BRDA:21,0,0,0
BRDA:21,0,1,0
BRF:2
BRH:0
end_of_record
TN:
SF:src/pages/MyList/MyList.jsx
FN:9,(anonymous_0)
FN:31,(anonymous_1)
FNF:2
FNH:0
FNDA:0,(anonymous_0)
FNDA:0,(anonymous_1)
DA:9,0
DA:10,0
DA:12,0
DA:32,0
LF:4
LH:0
BRDA:20,0,0,0
BRDA:20,0,1,0
BRDA:20,0,2,0
BRDA:30,1,0,0
BRDA:30,1,1,0
BRDA:30,2,0,0
BRDA:30,2,1,0
BRF:7
BRH:0
end_of_record
TN:
SF:src/pages/Popular/Popular.jsx
FN:8,(anonymous_0)
FN:19,(anonymous_1)
FNF:2
FNH:0
FNDA:0,(anonymous_0)
FNDA:0,(anonymous_1)
DA:8,0
DA:9,0
DA:11,0
DA:20,0
LF:4
LH:0
BRDA:19,0,0,0
BRDA:19,0,1,0
BRF:2
BRH:0
end_of_record
TN:
SF:src/pages/Search/Search.jsx
FN:8,(anonymous_0)
FN:25,(anonymous_1)
FNF:2
FNH:0
FNDA:0,(anonymous_0)
FNDA:0,(anonymous_1)
DA:8,0
DA:9,0
DA:10,0
DA:12,0
DA:26,0
LF:5
LH:0
BRDA:14,0,0,0
BRDA:14,0,1,0
BRDA:14,0,2,0
BRDA:24,1,0,0
BRDA:24,1,1,0
BRDA:24,2,0,0
BRDA:24,2,1,0
BRF:7
BRH:0
end_of_record
TN:
SF:src/pages/TVSeries/TVSeries.jsx
FN:9,(anonymous_0)
FN:21,(anonymous_1)
FNF:2
FNH:0
FNDA:0,(anonymous_0)
FNDA:0,(anonymous_1)
DA:9,0
DA:10,0
DA:12,0
DA:22,0
LF:4
LH:0
BRDA:21,0,0,0
BRDA:21,0,1,0
BRF:2
BRH:0
end_of_record
TN:
SF:src/redux/rootReducer.js
FNF:0
FNH:0
DA:12,2
DA:18,2
LF:2
LH:2
BRF:0
BRH:0
end_of_record
TN:
SF:src/redux/rootSaga.js
FN:4,rootSaga
FNF:1
FNH:1
FNDA:1,rootSaga
DA:5,1
LF:1
LH:1
BRF:0
BRH:0
end_of_record
TN:
SF:src/redux/store.js
FNF:0
FNH:0
DA:10,2
DA:11,2
DA:13,2
DA:14,0
DA:17,2
DA:18,2
DA:19,2
LF:7
LH:6
BRDA:13,0,0,0
BRDA:13,0,1,2
BRF:2
BRH:1
end_of_record
TN:
SF:src/redux/auth/auth.actions.js
FN:3,(anonymous_0)
FN:7,(anonymous_1)
FN:12,(anonymous_2)
FN:16,(anonymous_3)
FN:20,(anonymous_4)
FN:25,(anonymous_5)
FN:30,(anonymous_6)
FN:34,(anonymous_7)
FN:38,(anonymous_8)
FN:43,(anonymous_9)
FN:48,(anonymous_10)
FN:53,(anonymous_11)
FNF:12
FNH:12
FNDA:1,(anonymous_0)
FNDA:1,(anonymous_1)
FNDA:1,(anonymous_2)
FNDA:1,(anonymous_3)
FNDA:3,(anonymous_4)
FNDA:19,(anonymous_5)
FNDA:1,(anonymous_6)
FNDA:3,(anonymous_7)
FNDA:3,(anonymous_8)
FNDA:1,(anonymous_9)
FNDA:3,(anonymous_10)
FNDA:3,(anonymous_11)
DA:3,4
DA:7,4
DA:12,4
DA:16,4
DA:20,4
DA:25,19
DA:30,4
DA:34,4
DA:38,4
DA:43,4
DA:48,4
DA:53,4
LF:12
LH:12
BRF:0
BRH:0
end_of_record
TN:
SF:src/redux/auth/auth.sagas.js
FN:6,getSnapshotFromUserAuth
FN:16,signInWithGoogle
FN:25,signInWithEmail
FN:34,signInAnonymously
FN:43,checkIfUserIsAuthenticated
FN:53,signOut
FN:62,signUp
FN:71,signInAfterSignUp
FN:75,onCheckUserSession
FN:79,onGoogleSignInStart
FN:83,onEmailSignInStart
FN:87,onAnonymousSignInStart
FN:91,onSignOutStart
FN:95,onSignUpStart
FN:99,onSignUpSuccess
FN:103,authSagas
FNF:16
FNH:16
FNDA:10,getSnapshotFromUserAuth
FNDA:2,signInWithGoogle
FNDA:2,signInWithEmail
FNDA:2,signInAnonymously
FNDA:3,checkIfUserIsAuthenticated
FNDA:2,signOut
FNDA:2,signUp
FNDA:1,signInAfterSignUp
FNDA:2,onCheckUserSession
FNDA:2,onGoogleSignInStart
FNDA:2,onEmailSignInStart
FNDA:2,onAnonymousSignInStart
FNDA:2,onSignOutStart
FNDA:2,onSignUpStart
FNDA:2,onSignUpSuccess
FNDA:2,authSagas
DA:7,10
DA:8,10
DA:9,10
DA:10,1
DA:12,9
DA:17,2
DA:18,2
DA:19,1
DA:21,1
DA:26,2
DA:27,2
DA:28,1
DA:30,1
DA:35,2
DA:36,2
DA:37,1
DA:39,1
DA:44,3
DA:45,3
DA:46,2
DA:47,1
DA:49,1
DA:54,2
DA:55,2
DA:56,1
DA:58,1
DA:63,2
DA:64,2
DA:65,1
DA:67,1
DA:72,1
DA:76,2
DA:80,2
DA:84,2
DA:88,2
DA:92,2
DA:96,2
DA:100,2
DA:104,2
LF:39
LH:39
BRDA:46,0,0,1
BRDA:46,0,1,1
BRF:2
BRH:2
end_of_record
TN:
SF:src/redux/auth/auth.selectors.js
FN:3,(anonymous_0)
FN:7,(anonymous_1)
FN:12,(anonymous_2)
FN:17,(anonymous_3)
FNF:4
FNH:4
FNDA:6,(anonymous_0)
FNDA:2,(anonymous_1)
FNDA:2,(anonymous_2)
FNDA:2,(anonymous_3)
DA:3,6
DA:5,2
DA:7,2
DA:10,2
DA:12,2
DA:15,2
DA:17,2
LF:7
LH:7
BRF:0
BRH:0
end_of_record
TN:
SF:src/redux/auth/auth.types.js
FNF:0
FNH:0
DA:1,5
LF:1
LH:1
BRF:0
BRH:0
end_of_record
TN:
SF:src/redux/auth/index.js
FN:9,(anonymous_0)
FNF:1
FNH:1
FNDA:18,(anonymous_0)
DA:3,3
DA:9,3
DA:10,18
DA:15,4
DA:20,1
DA:27,1
DA:36,3
DA:42,9
LF:8
LH:8
BRDA:9,0,0,6
BRDA:10,1,0,1
BRDA:10,1,1,2
BRDA:10,1,2,3
BRDA:10,1,3,4
BRDA:10,1,4,1
BRDA:10,1,5,1
BRDA:10,1,6,1
BRDA:10,1,7,2
BRDA:10,1,8,3
BRDA:10,1,9,9
BRF:11
BRH:11
end_of_record
TN:
SF:src/redux/favourites/favourites.actions.js
FN:3,(anonymous_0)
FN:11,(anonymous_1)
FNF:2
FNH:2
FNDA:2,(anonymous_0)
FNDA:2,(anonymous_1)
DA:3,2
DA:11,2
LF:2
LH:2
BRF:0
BRH:0
end_of_record
TN:
SF:src/redux/favourites/favourites.selectors.js
FN:3,(anonymous_0)
FN:7,(anonymous_1)
FNF:2
FNH:2
FNDA:4,(anonymous_0)
FNDA:3,(anonymous_1)
DA:3,4
DA:5,1
DA:7,3
LF:3
LH:3
BRF:0
BRH:0
end_of_record
TN:
SF:src/redux/favourites/favourites.types.js
FNF:0
FNH:0
DA:1,4
LF:1
LH:1
BRF:0
BRH:0
end_of_record
TN:
SF:src/redux/favourites/favourites.utils.js
FN:1,(anonymous_0)
FN:2,(anonymous_1)
FN:9,(anonymous_2)
FN:10,(anonymous_3)
FN:13,(anonymous_4)
FNF:5
FNH:5
FNDA:5,(anonymous_0)
FNDA:3,(anonymous_1)
FNDA:5,(anonymous_2)
FNDA:3,(anonymous_3)
FNDA:3,(anonymous_4)
DA:1,4
DA:2,5
DA:4,5
DA:9,4
DA:10,5
DA:12,5
DA:13,3
LF:7
LH:7
BRDA:4,0,0,2
BRDA:4,0,1,3
BRDA:12,1,0,2
BRDA:12,1,1,3
BRF:4
BRH:4
end_of_record
TN:
SF:src/redux/favourites/index.js
FN:8,(anonymous_0)
FNF:1
FNH:1
FNDA:13,(anonymous_0)
DA:4,3
DA:8,3
DA:9,13
DA:11,2
DA:16,2
DA:21,9
LF:6
LH:6
BRDA:8,0,0,6
BRDA:9,1,0,2
BRDA:9,1,1,2
BRDA:9,1,2,9
BRF:4
BRH:4
end_of_record
TN:
SF:src/redux/modal/index.js
FN:8,(anonymous_0)
FNF:1
FNH:1
FNDA:11,(anonymous_0)
DA:3,3
DA:8,3
DA:9,11
DA:11,1
DA:17,1
DA:23,9
LF:6
LH:6
BRDA:8,0,0,6
BRDA:9,1,0,1
BRDA:9,1,1,1
BRDA:9,1,2,9
BRF:4
BRH:4
end_of_record
TN:
SF:src/redux/modal/modal.actions.js
FN:3,(anonymous_0)
FN:8,(anonymous_1)
FNF:2
FNH:2
FNDA:2,(anonymous_0)
FNDA:1,(anonymous_1)
DA:3,2
DA:8,1
LF:2
LH:2
BRF:0
BRH:0
end_of_record
TN:
SF:src/redux/modal/modal.selectors.js
FN:3,(anonymous_0)
FN:7,(anonymous_1)
FN:12,(anonymous_2)
FNF:3
FNH:3
FNDA:8,(anonymous_0)
FNDA:3,(anonymous_1)
FNDA:3,(anonymous_2)
DA:3,8
DA:5,1
DA:7,3
DA:10,1
DA:12,3
LF:5
LH:5
BRF:0
BRH:0
end_of_record
TN:
SF:src/redux/modal/modal.types.js
FNF:0
FNH:0
DA:1,4
LF:1
LH:1
BRF:0
BRH:0
end_of_record
TN:
SF:src/redux/movies/action.reducer.js
FN:9,(anonymous_0)
FNF:1
FNH:1
FNDA:16,(anonymous_0)
DA:3,3
DA:9,3
DA:10,16
DA:12,1
DA:17,1
DA:24,1
DA:31,1
DA:38,12
LF:8
LH:8
BRDA:9,0,0,9
BRDA:10,1,0,1
BRDA:10,1,1,1
BRDA:10,1,2,1
BRDA:10,1,3,1
BRDA:10,1,4,12
BRF:6
BRH:6
end_of_record
TN:
SF:src/redux/movies/adventure.reducer.js
FN:9,(anonymous_0)
FNF:1
FNH:1
FNDA:16,(anonymous_0)
DA:3,3
DA:9,3
DA:10,16
DA:12,1
DA:17,1
DA:24,1
DA:31,1
DA:38,12
LF:8
LH:8
BRDA:9,0,0,9
BRDA:10,1,0,1
BRDA:10,1,1,1
BRDA:10,1,2,1
BRDA:10,1,3,1
BRDA:10,1,4,12
BRF:6
BRH:6
end_of_record
TN:
SF:src/redux/movies/animation.reducer.js
FN:9,(anonymous_0)
FNF:1
FNH:1
FNDA:16,(anonymous_0)
DA:3,3
DA:9,3
DA:10,16
DA:12,1
DA:17,1
DA:24,1
DA:31,1
DA:38,12
LF:8
LH:8
BRDA:9,0,0,9
BRDA:10,1,0,1
BRDA:10,1,1,1
BRDA:10,1,2,1
BRDA:10,1,3,1
BRDA:10,1,4,12
BRF:6
BRH:6
end_of_record
TN:
SF:src/redux/movies/comedy.reducer.js
FN:9,(anonymous_0)
FNF:1
FNH:1
FNDA:16,(anonymous_0)
DA:3,3
DA:9,3
DA:10,16
DA:12,1
DA:17,1
DA:24,1
DA:31,1
DA:38,12
LF:8
LH:8
BRDA:9,0,0,9
BRDA:10,1,0,1
BRDA:10,1,1,1
BRDA:10,1,2,1
BRDA:10,1,3,1
BRDA:10,1,4,12
BRF:6
BRH:6
end_of_record
TN:
SF:src/redux/movies/horror.reducer.js
FN:9,(anonymous_0)
FNF:1
FNH:1
FNDA:16,(anonymous_0)
DA:3,3
DA:9,3
DA:10,16
DA:12,1
DA:17,1
DA:24,1
DA:31,1
DA:38,12
LF:8
LH:8
BRDA:9,0,0,9
BRDA:10,1,0,1
BRDA:10,1,1,1
BRDA:10,1,2,1
BRDA:10,1,3,1
BRDA:10,1,4,12
BRF:6
BRH:6
end_of_record
TN:
SF:src/redux/movies/index.js
FNF:0
FNH:0
LF:0
LH:0
BRF:0
BRH:0
end_of_record
TN:
SF:src/redux/movies/latestReleased.reducer.js
FN:9,(anonymous_0)
FNF:1
FNH:1
FNDA:16,(anonymous_0)
DA:3,3
DA:9,3
DA:10,16
DA:12,1
DA:17,1
DA:24,1
DA:31,1
DA:38,12
LF:8
LH:8
BRDA:9,0,0,9
BRDA:10,1,0,1
BRDA:10,1,1,1
BRDA:10,1,2,1
BRDA:10,1,3,1
BRDA:10,1,4,12
BRF:6
BRH:6
end_of_record
TN:
SF:src/redux/movies/movies.actions.js
FN:5,(anonymous_0)
FN:9,(anonymous_1)
FN:16,(anonymous_2)
FN:21,(anonymous_3)
FN:22,(anonymous_4)
FN:26,(anonymous_5)
FN:27,(anonymous_6)
FN:35,(anonymous_7)
FN:43,(anonymous_8)
FN:47,(anonymous_9)
FN:54,(anonymous_10)
FN:59,(anonymous_11)
FN:60,(anonymous_12)
FN:64,(anonymous_13)
FN:65,(anonymous_14)
FN:73,(anonymous_15)
FN:81,(anonymous_16)
FN:85,(anonymous_17)
FN:92,(anonymous_18)
FN:97,(anonymous_19)
FN:98,(anonymous_20)
FN:102,(anonymous_21)
FN:103,(anonymous_22)
FN:111,(anonymous_23)
FN:119,(anonymous_24)
FN:123,(anonymous_25)
FN:130,(anonymous_26)
FN:135,(anonymous_27)
FN:136,(anonymous_28)
FN:140,(anonymous_29)
FN:141,(anonymous_30)
FN:149,(anonymous_31)
FN:157,(anonymous_32)
FN:161,(anonymous_33)
FN:168,(anonymous_34)
FN:173,(anonymous_35)
FN:174,(anonymous_36)
FN:178,(anonymous_37)
FN:179,(anonymous_38)
FN:187,(anonymous_39)
FN:195,(anonymous_40)
FN:199,(anonymous_41)
FN:206,(anonymous_42)
FN:211,(anonymous_43)
FN:212,(anonymous_44)
FN:216,(anonymous_45)
FN:217,(anonymous_46)
FN:225,(anonymous_47)
FN:233,(anonymous_48)
FN:237,(anonymous_49)
FN:244,(anonymous_50)
FN:249,(anonymous_51)
FN:250,(anonymous_52)
FN:254,(anonymous_53)
FN:255,(anonymous_54)
FN:263,(anonymous_55)
FN:271,(anonymous_56)
FN:275,(anonymous_57)
FN:282,(anonymous_58)
FN:287,(anonymous_59)
FN:288,(anonymous_60)
FN:292,(anonymous_61)
FN:293,(anonymous_62)
FN:301,(anonymous_63)
FN:309,(anonymous_64)
FN:313,(anonymous_65)
FN:320,(anonymous_66)
FN:325,(anonymous_67)
FN:326,(anonymous_68)
FN:330,(anonymous_69)
FN:331,(anonymous_70)
FN:339,(anonymous_71)
FN:347,(anonymous_72)
FN:351,(anonymous_73)
FN:358,(anonymous_74)
FN:363,(anonymous_75)
FN:364,(anonymous_76)
FN:368,(anonymous_77)
FN:369,(anonymous_78)
FN:377,(anonymous_79)
FN:385,(anonymous_80)
FN:389,(anonymous_81)
FN:396,(anonymous_82)
FN:401,(anonymous_83)
FN:402,(anonymous_84)
FN:406,(anonymous_85)
FN:407,(anonymous_86)
FN:415,(anonymous_87)
FNF:88
FNH:88
FNDA:6,(anonymous_0)
FNDA:4,(anonymous_1)
FNDA:2,(anonymous_2)
FNDA:3,(anonymous_3)
FNDA:3,(anonymous_4)
FNDA:2,(anonymous_5)
FNDA:2,(anonymous_6)
FNDA:1,(anonymous_7)
FNDA:6,(anonymous_8)
FNDA:4,(anonymous_9)
FNDA:2,(anonymous_10)
FNDA:3,(anonymous_11)
FNDA:3,(anonymous_12)
FNDA:2,(anonymous_13)
FNDA:2,(anonymous_14)
FNDA:1,(anonymous_15)
FNDA:6,(anonymous_16)
FNDA:4,(anonymous_17)
FNDA:2,(anonymous_18)
FNDA:3,(anonymous_19)
FNDA:3,(anonymous_20)
FNDA:2,(anonymous_21)
FNDA:2,(anonymous_22)
FNDA:1,(anonymous_23)
FNDA:6,(anonymous_24)
FNDA:4,(anonymous_25)
FNDA:2,(anonymous_26)
FNDA:3,(anonymous_27)
FNDA:3,(anonymous_28)
FNDA:2,(anonymous_29)
FNDA:2,(anonymous_30)
FNDA:1,(anonymous_31)
FNDA:6,(anonymous_32)
FNDA:4,(anonymous_33)
FNDA:2,(anonymous_34)
FNDA:3,(anonymous_35)
FNDA:3,(anonymous_36)
FNDA:2,(anonymous_37)
FNDA:2,(anonymous_38)
FNDA:1,(anonymous_39)
FNDA:6,(anonymous_40)
FNDA:4,(anonymous_41)
FNDA:2,(anonymous_42)
FNDA:3,(anonymous_43)
FNDA:3,(anonymous_44)
FNDA:2,(anonymous_45)
FNDA:2,(anonymous_46)
FNDA:1,(anonymous_47)
FNDA:6,(anonymous_48)
FNDA:4,(anonymous_49)
FNDA:2,(anonymous_50)
FNDA:3,(anonymous_51)
FNDA:3,(anonymous_52)
FNDA:2,(anonymous_53)
FNDA:2,(anonymous_54)
FNDA:1,(anonymous_55)
FNDA:6,(anonymous_56)
FNDA:4,(anonymous_57)
FNDA:2,(anonymous_58)
FNDA:3,(anonymous_59)
FNDA:3,(anonymous_60)
FNDA:2,(anonymous_61)
FNDA:2,(anonymous_62)
FNDA:1,(anonymous_63)
FNDA:6,(anonymous_64)
FNDA:4,(anonymous_65)
FNDA:2,(anonymous_66)
FNDA:3,(anonymous_67)
FNDA:3,(anonymous_68)
FNDA:2,(anonymous_69)
FNDA:2,(anonymous_70)
FNDA:1,(anonymous_71)
FNDA:6,(anonymous_72)
FNDA:4,(anonymous_73)
FNDA:2,(anonymous_74)
FNDA:3,(anonymous_75)
FNDA:3,(anonymous_76)
FNDA:2,(anonymous_77)
FNDA:2,(anonymous_78)
FNDA:1,(anonymous_79)
FNDA:6,(anonymous_80)
FNDA:4,(anonymous_81)
FNDA:2,(anonymous_82)
FNDA:3,(anonymous_83)
FNDA:3,(anonymous_84)
FNDA:2,(anonymous_85)
FNDA:2,(anonymous_86)
FNDA:1,(anonymous_87)
DA:5,6
DA:9,4
DA:16,2
DA:21,1
DA:22,3
DA:23,3
DA:24,3
DA:27,2
DA:31,2
DA:32,1
DA:33,1
DA:36,1
DA:37,1
DA:43,6
DA:47,4
DA:54,2
DA:59,1
DA:60,3
DA:61,3
DA:62,3
DA:65,2
DA:69,2
DA:70,1
DA:71,1
DA:74,1
DA:75,1
DA:81,6
DA:85,4
DA:92,2
DA:97,1
DA:98,3
DA:99,3
DA:100,3
DA:103,2
DA:107,2
DA:108,1
DA:109,1
DA:112,1
DA:113,1
DA:119,6
DA:123,4
DA:130,2
DA:135,1
DA:136,3
DA:137,3
DA:138,3
DA:141,2
DA:145,2
DA:146,1
DA:147,1
DA:150,1
DA:151,1
DA:157,6
DA:161,4
DA:168,2
DA:173,1
DA:174,3
DA:175,3
DA:176,3
DA:179,2
DA:183,2
DA:184,1
DA:185,1
DA:188,1
DA:189,1
DA:195,6
DA:199,4
DA:206,2
DA:211,1
DA:212,3
DA:213,3
DA:214,3
DA:217,2
DA:221,2
DA:222,1
DA:223,1
DA:226,1
DA:227,1
DA:233,6
DA:237,4
DA:244,2
DA:249,1
DA:250,3
DA:251,3
DA:252,3
DA:255,2
DA:259,2
DA:260,1
DA:261,1
DA:264,1
DA:265,1
DA:271,6
DA:275,4
DA:282,2
DA:287,1
DA:288,3
DA:289,3
DA:290,3
DA:293,2
DA:297,2
DA:298,1
DA:299,1
DA:302,1
DA:303,1
DA:309,6
DA:313,4
DA:320,2
DA:325,1
DA:326,3
DA:327,3
DA:328,3
DA:331,2
DA:335,2
DA:336,1
DA:337,1
DA:340,1
DA:341,1
DA:347,6
DA:351,4
DA:358,2
DA:363,1
DA:364,3
DA:365,3
DA:366,3
DA:369,2
DA:373,2
DA:374,1
DA:375,1
DA:378,1
DA:379,1
DA:385,6
DA:389,4
DA:396,2
DA:401,1
DA:402,3
DA:403,3
DA:404,3
DA:407,2
DA:411,2
DA:412,1
DA:413,1
DA:416,1
DA:417,1
LF:143
LH:143
BRDA:10,0,0,2
BRDA:10,0,1,2
BRDA:31,1,0,1
BRDA:31,1,1,1
BRDA:48,2,0,2
BRDA:48,2,1,2
BRDA:69,3,0,1
BRDA:69,3,1,1
BRDA:86,4,0,2
BRDA:86,4,1,2
BRDA:107,5,0,1
BRDA:107,5,1,1
BRDA:124,6,0,2
BRDA:124,6,1,2
BRDA:145,7,0,1
BRDA:145,7,1,1
BRDA:162,8,0,2
BRDA:162,8,1,2
BRDA:183,9,0,1
BRDA:183,9,1,1
BRDA:200,10,0,2
BRDA:200,10,1,2
BRDA:221,11,0,1
BRDA:221,11,1,1
BRDA:238,12,0,2
BRDA:238,12,1,2
BRDA:259,13,0,1
BRDA:259,13,1,1
BRDA:276,14,0,2
BRDA:276,14,1,2
BRDA:297,15,0,1
BRDA:297,15,1,1
BRDA:314,16,0,2
BRDA:314,16,1,2
BRDA:335,17,0,1
BRDA:335,17,1,1
BRDA:352,18,0,2
BRDA:352,18,1,2
BRDA:373,19,0,1
BRDA:373,19,1,1
BRDA:390,20,0,2
BRDA:390,20,1,2
BRDA:411,21,0,1
BRDA:411,21,1,1
BRF:44
BRH:44
end_of_record
TN:
SF:src/redux/movies/movies.selectors.js
FN:3,(anonymous_0)
FN:4,(anonymous_1)
FN:5,(anonymous_2)
FN:6,(anonymous_3)
FN:7,(anonymous_4)
FN:8,(anonymous_5)
FN:9,(anonymous_6)
FN:10,(anonymous_7)
FN:11,(anonymous_8)
FN:12,(anonymous_9)
FN:13,(anonymous_10)
FN:17,(anonymous_11)
FN:22,(anonymous_12)
FN:27,(anonymous_13)
FN:32,(anonymous_14)
FN:37,(anonymous_15)
FN:42,(anonymous_16)
FN:47,(anonymous_17)
FN:52,(anonymous_18)
FN:57,(anonymous_19)
FN:62,(anonymous_20)
FN:67,(anonymous_21)
FNF:22
FNH:22
FNDA:5,(anonymous_0)
FNDA:5,(anonymous_1)
FNDA:5,(anonymous_2)
FNDA:5,(anonymous_3)
FNDA:5,(anonymous_4)
FNDA:5,(anonymous_5)
FNDA:5,(anonymous_6)
FNDA:5,(anonymous_7)
FNDA:5,(anonymous_8)
FNDA:5,(anonymous_9)
FNDA:5,(anonymous_10)
FNDA:2,(anonymous_11)
FNDA:2,(anonymous_12)
FNDA:2,(anonymous_13)
FNDA:2,(anonymous_14)
FNDA:2,(anonymous_15)
FNDA:2,(anonymous_16)
FNDA:2,(anonymous_17)
FNDA:2,(anonymous_18)
FNDA:2,(anonymous_19)
FNDA:2,(anonymous_20)
FNDA:2,(anonymous_21)
DA:3,5
DA:4,5
DA:5,5
DA:6,5
DA:7,5
DA:8,5
DA:9,5
DA:10,5
DA:11,5
DA:12,5
DA:13,5
DA:15,1
DA:17,2
DA:20,1
DA:22,2
DA:25,1
DA:27,2
DA:30,1
DA:32,2
DA:35,1
DA:37,2
DA:40,1
DA:42,2
DA:45,1
DA:47,2
DA:50,1
DA:52,2
DA:55,1
DA:57,2
DA:60,1
DA:62,2
DA:65,1
DA:67,2
LF:33
LH:33
BRF:0
BRH:0
end_of_record
TN:
SF:src/redux/movies/movies.types.js
FNF:0
FNH:0
DA:1,14
LF:1
LH:1
BRF:0
BRH:0
end_of_record
TN:
SF:src/redux/movies/netflix.reducer.js
FN:9,(anonymous_0)
FNF:1
FNH:1
FNDA:16,(anonymous_0)
DA:3,3
DA:9,3
DA:10,16
DA:12,1
DA:17,1
DA:24,1
DA:31,1
DA:38,12
LF:8
LH:8
BRDA:9,0,0,9
BRDA:10,1,0,1
BRDA:10,1,1,1
BRDA:10,1,2,1
BRDA:10,1,3,1
BRDA:10,1,4,12
BRF:6
BRH:6
end_of_record
TN:
SF:src/redux/movies/romance.reducer.js
FN:9,(anonymous_0)
FNF:1
FNH:1
FNDA:16,(anonymous_0)
DA:3,3
DA:9,3
DA:10,16
DA:12,1
DA:17,1
DA:24,1
DA:31,1
DA:38,12
LF:8
LH:8
BRDA:9,0,0,9
BRDA:10,1,0,1
BRDA:10,1,1,1
BRDA:10,1,2,1
BRDA:10,1,3,1
BRDA:10,1,4,12
BRF:6
BRH:6
end_of_record
TN:
SF:src/redux/movies/topRated.reducer.js
FN:9,(anonymous_0)
FNF:1
FNH:1
FNDA:16,(anonymous_0)
DA:3,3
DA:9,3
DA:10,16
DA:12,1
DA:17,1
DA:24,1
DA:31,1
DA:38,12
LF:8
LH:8
BRDA:9,0,0,9
BRDA:10,1,0,1
BRDA:10,1,1,1
BRDA:10,1,2,1
BRDA:10,1,3,1
BRDA:10,1,4,12
BRF:6
BRH:6
end_of_record
TN:
SF:src/redux/movies/trending.reducer.js
FN:9,(anonymous_0)
FNF:1
FNH:1
FNDA:16,(anonymous_0)
DA:3,3
DA:9,3
DA:10,16
DA:12,1
DA:17,1
DA:24,1
DA:31,1
DA:38,12
LF:8
LH:8
BRDA:9,0,0,9
BRDA:10,1,0,1
BRDA:10,1,1,1
BRDA:10,1,2,1
BRDA:10,1,3,1
BRDA:10,1,4,12
BRF:6
BRH:6
end_of_record
TN:
SF:src/redux/movies/upcoming.reducer.js
FN:9,(anonymous_0)
FNF:1
FNH:1
FNDA:16,(anonymous_0)
DA:3,3
DA:9,3
DA:10,16
DA:12,1
DA:17,1
DA:24,1
DA:31,1
DA:38,12
LF:8
LH:8
BRDA:9,0,0,9
BRDA:10,1,0,1
BRDA:10,1,1,1
BRDA:10,1,2,1
BRDA:10,1,3,1
BRDA:10,1,4,12
BRF:6
BRH:6
end_of_record
TN:
SF:src/redux/search/index.js
FN:10,(anonymous_0)
FNF:1
FNH:1
FNDA:14,(anonymous_0)
DA:3,3
DA:10,3
DA:11,14
DA:13,1
DA:18,1
DA:23,1
DA:28,1
DA:35,1
DA:42,9
LF:9
LH:9
BRDA:10,0,0,6
BRDA:11,1,0,1
BRDA:11,1,1,1
BRDA:11,1,2,1
BRDA:11,1,3,1
BRDA:11,1,4,1
BRDA:11,1,5,9
BRF:7
BRH:7
end_of_record
TN:
SF:src/redux/search/search.actions.js
FN:5,(anonymous_0)
FN:10,(anonymous_1)
FN:14,(anonymous_2)
FN:19,(anonymous_3)
FN:24,(anonymous_4)
FN:29,(anonymous_5)
FN:30,(anonymous_6)
FN:33,(anonymous_7)
FN:35,(anonymous_8)
FN:38,(anonymous_9)
FNF:10
FNH:10
FNDA:1,(anonymous_0)
FNDA:1,(anonymous_1)
FNDA:5,(anonymous_2)
FNDA:3,(anonymous_3)
FNDA:3,(anonymous_4)
FNDA:2,(anonymous_5)
FNDA:2,(anonymous_6)
FNDA:1,(anonymous_7)
FNDA:3,(anonymous_8)
FNDA:1,(anonymous_9)
DA:5,1
DA:10,1
DA:14,5
DA:19,3
DA:24,3
DA:29,1
DA:30,2
DA:31,2
DA:32,2
DA:34,1
DA:35,3
DA:36,1
DA:39,1
LF:13
LH:13
BRF:0
BRH:0
end_of_record
TN:
SF:src/redux/search/search.selectors.js
FN:3,(anonymous_0)
FN:7,(anonymous_1)
FN:12,(anonymous_2)
FNF:3
FNH:3
FNDA:8,(anonymous_0)
FNDA:3,(anonymous_1)
FNDA:3,(anonymous_2)
DA:3,8
DA:5,1
DA:7,3
DA:10,1
DA:12,3
LF:5
LH:5
BRF:0
BRH:0
end_of_record
TN:
SF:src/redux/search/search.types.js
FNF:0
FNH:0
DA:1,4
LF:1
LH:1
BRF:0
BRH:0
end_of_record
TN:
SF:src/redux/series/actionAdventure.reducer.js
FN:9,(anonymous_0)
FNF:1
FNH:1
FNDA:17,(anonymous_0)
DA:3,3
DA:9,3
DA:10,17
DA:12,1
DA:17,1
DA:24,1
DA:31,1
DA:38,13
LF:8
LH:8
BRDA:9,0,0,10
BRDA:10,1,0,1
BRDA:10,1,1,1
BRDA:10,1,2,1
BRDA:10,1,3,1
BRDA:10,1,4,13
BRF:6
BRH:6
end_of_record
TN:
SF:src/redux/series/animation.reducer.js
FN:9,(anonymous_0)
FNF:1
FNH:1
FNDA:17,(anonymous_0)
DA:3,3
DA:9,3
DA:10,17
DA:12,1
DA:17,1
DA:24,1
DA:31,1
DA:38,13
LF:8
LH:8
BRDA:9,0,0,10
BRDA:10,1,0,1
BRDA:10,1,1,1
BRDA:10,1,2,1
BRDA:10,1,3,1
BRDA:10,1,4,13
BRF:6
BRH:6
end_of_record
TN:
SF:src/redux/series/comedy.reducer.js
FN:9,(anonymous_0)
FNF:1
FNH:1
FNDA:17,(anonymous_0)
DA:3,3
DA:9,3
DA:10,17
DA:12,1
DA:17,1
DA:24,1
DA:31,1
DA:38,13
LF:8
LH:8
BRDA:9,0,0,10
BRDA:10,1,0,1
BRDA:10,1,1,1
BRDA:10,1,2,1
BRDA:10,1,3,1
BRDA:10,1,4,13
BRF:6
BRH:6
end_of_record
TN:
SF:src/redux/series/crime.reducer.js
FN:9,(anonymous_0)
FNF:1
FNH:1
FNDA:17,(anonymous_0)
DA:3,3
DA:9,3
DA:10,17
DA:12,1
DA:17,1
DA:24,1
DA:31,1
DA:38,13
LF:8
LH:8
BRDA:9,0,0,10
BRDA:10,1,0,1
BRDA:10,1,1,1
BRDA:10,1,2,1
BRDA:10,1,3,1
BRDA:10,1,4,13
BRF:6
BRH:6
end_of_record
TN:
SF:src/redux/series/documentary.reducer.js
FN:9,(anonymous_0)
FNF:1
FNH:1
FNDA:17,(anonymous_0)
DA:3,3
DA:9,3
DA:10,17
DA:12,1
DA:17,1
DA:24,1
DA:31,1
DA:38,13
LF:8
LH:8
BRDA:9,0,0,10
BRDA:10,1,0,1
BRDA:10,1,1,1
BRDA:10,1,2,1
BRDA:10,1,3,1
BRDA:10,1,4,13
BRF:6
BRH:6
end_of_record
TN:
SF:src/redux/series/family.reducer.js
FN:9,(anonymous_0)
FNF:1
FNH:1
FNDA:17,(anonymous_0)
DA:3,3
DA:9,3
DA:10,17
DA:12,1
DA:17,1
DA:24,1
DA:31,1
DA:38,13
LF:8
LH:8
BRDA:9,0,0,10
BRDA:10,1,0,1
BRDA:10,1,1,1
BRDA:10,1,2,1
BRDA:10,1,3,1
BRDA:10,1,4,13
BRF:6
BRH:6
end_of_record
TN:
SF:src/redux/series/index.js
FNF:0
FNH:0
LF:0
LH:0
BRF:0
BRH:0
end_of_record
TN:
SF:src/redux/series/kids.reducer.js
FN:9,(anonymous_0)
FNF:1
FNH:1
FNDA:17,(anonymous_0)
DA:3,3
DA:9,3
DA:10,17
DA:12,1
DA:17,1
DA:24,1
DA:31,1
DA:38,13
LF:8
LH:8
BRDA:9,0,0,10
BRDA:10,1,0,1
BRDA:10,1,1,1
BRDA:10,1,2,1
BRDA:10,1,3,1
BRDA:10,1,4,13
BRF:6
BRH:6
end_of_record
TN:
SF:src/redux/series/netflix.reducer.js
FN:9,(anonymous_0)
FNF:1
FNH:1
FNDA:17,(anonymous_0)
DA:3,3
DA:9,3
DA:10,17
DA:12,1
DA:17,1
DA:24,1
DA:31,1
DA:38,13
LF:8
LH:8
BRDA:9,0,0,10
BRDA:10,1,0,1
BRDA:10,1,1,1
BRDA:10,1,2,1
BRDA:10,1,3,1
BRDA:10,1,4,13
BRF:6
BRH:6
end_of_record
TN:
SF:src/redux/series/sciFiFantasy.reducer.js
FN:9,(anonymous_0)
FNF:1
FNH:1
FNDA:17,(anonymous_0)
DA:3,3
DA:9,3
DA:10,17
DA:12,1
DA:17,1
DA:24,1
DA:31,1
DA:38,13
LF:8
LH:8
BRDA:9,0,0,10
BRDA:10,1,0,1
BRDA:10,1,1,1
BRDA:10,1,2,1
BRDA:10,1,3,1
BRDA:10,1,4,13
BRF:6
BRH:6
end_of_record
TN:
SF:src/redux/series/series.actions.js
FN:5,(anonymous_0)
FN:9,(anonymous_1)
FN:16,(anonymous_2)
FN:21,(anonymous_3)
FN:22,(anonymous_4)
FN:25,(anonymous_5)
FN:26,(anonymous_6)
FN:34,(anonymous_7)
FN:43,(anonymous_8)
FN:47,(anonymous_9)
FN:54,(anonymous_10)
FN:59,(anonymous_11)
FN:60,(anonymous_12)
FN:63,(anonymous_13)
FN:64,(anonymous_14)
FN:72,(anonymous_15)
FN:81,(anonymous_16)
FN:85,(anonymous_17)
FN:92,(anonymous_18)
FN:97,(anonymous_19)
FN:98,(anonymous_20)
FN:101,(anonymous_21)
FN:102,(anonymous_22)
FN:110,(anonymous_23)
FN:119,(anonymous_24)
FN:123,(anonymous_25)
FN:130,(anonymous_26)
FN:135,(anonymous_27)
FN:136,(anonymous_28)
FN:139,(anonymous_29)
FN:140,(anonymous_30)
FN:148,(anonymous_31)
FN:157,(anonymous_32)
FN:161,(anonymous_33)
FN:168,(anonymous_34)
FN:173,(anonymous_35)
FN:174,(anonymous_36)
FN:177,(anonymous_37)
FN:178,(anonymous_38)
FN:186,(anonymous_39)
FN:195,(anonymous_40)
FN:199,(anonymous_41)
FN:206,(anonymous_42)
FN:211,(anonymous_43)
FN:212,(anonymous_44)
FN:215,(anonymous_45)
FN:216,(anonymous_46)
FN:224,(anonymous_47)
FN:233,(anonymous_48)
FN:237,(anonymous_49)
FN:244,(anonymous_50)
FN:249,(anonymous_51)
FN:250,(anonymous_52)
FN:253,(anonymous_53)
FN:254,(anonymous_54)
FN:262,(anonymous_55)
FN:271,(anonymous_56)
FN:275,(anonymous_57)
FN:282,(anonymous_58)
FN:287,(anonymous_59)
FN:288,(anonymous_60)
FN:291,(anonymous_61)
FN:292,(anonymous_62)
FN:300,(anonymous_63)
FN:309,(anonymous_64)
FN:313,(anonymous_65)
FN:320,(anonymous_66)
FN:325,(anonymous_67)
FN:326,(anonymous_68)
FN:329,(anonymous_69)
FN:330,(anonymous_70)
FN:338,(anonymous_71)
FN:347,(anonymous_72)
FN:351,(anonymous_73)
FN:358,(anonymous_74)
FN:363,(anonymous_75)
FN:364,(anonymous_76)
FN:367,(anonymous_77)
FN:368,(anonymous_78)
FN:376,(anonymous_79)
FNF:80
FNH:80
FNDA:7,(anonymous_0)
FNDA:6,(anonymous_1)
FNDA:3,(anonymous_2)
FNDA:3,(anonymous_3)
FNDA:3,(anonymous_4)
FNDA:2,(anonymous_5)
FNDA:2,(anonymous_6)
FNDA:1,(anonymous_7)
FNDA:6,(anonymous_8)
FNDA:4,(anonymous_9)
FNDA:2,(anonymous_10)
FNDA:3,(anonymous_11)
FNDA:3,(anonymous_12)
FNDA:2,(anonymous_13)
FNDA:2,(anonymous_14)
FNDA:1,(anonymous_15)
FNDA:6,(anonymous_16)
FNDA:4,(anonymous_17)
FNDA:2,(anonymous_18)
FNDA:3,(anonymous_19)
FNDA:3,(anonymous_20)
FNDA:2,(anonymous_21)
FNDA:2,(anonymous_22)
FNDA:1,(anonymous_23)
FNDA:6,(anonymous_24)
FNDA:4,(anonymous_25)
FNDA:2,(anonymous_26)
FNDA:3,(anonymous_27)
FNDA:3,(anonymous_28)
FNDA:2,(anonymous_29)
FNDA:2,(anonymous_30)
FNDA:1,(anonymous_31)
FNDA:6,(anonymous_32)
FNDA:4,(anonymous_33)
FNDA:2,(anonymous_34)
FNDA:3,(anonymous_35)
FNDA:3,(anonymous_36)
FNDA:2,(anonymous_37)
FNDA:2,(anonymous_38)
FNDA:1,(anonymous_39)
FNDA:6,(anonymous_40)
FNDA:4,(anonymous_41)
FNDA:2,(anonymous_42)
FNDA:3,(anonymous_43)
FNDA:3,(anonymous_44)
FNDA:2,(anonymous_45)
FNDA:2,(anonymous_46)
FNDA:1,(anonymous_47)
FNDA:6,(anonymous_48)
FNDA:4,(anonymous_49)
FNDA:2,(anonymous_50)
FNDA:3,(anonymous_51)
FNDA:3,(anonymous_52)
FNDA:2,(anonymous_53)
FNDA:2,(anonymous_54)
FNDA:1,(anonymous_55)
FNDA:6,(anonymous_56)
FNDA:4,(anonymous_57)
FNDA:2,(anonymous_58)
FNDA:3,(anonymous_59)
FNDA:3,(anonymous_60)
FNDA:2,(anonymous_61)
FNDA:2,(anonymous_62)
FNDA:1,(anonymous_63)
FNDA:6,(anonymous_64)
FNDA:4,(anonymous_65)
FNDA:2,(anonymous_66)
FNDA:3,(anonymous_67)
FNDA:3,(anonymous_68)
FNDA:2,(anonymous_69)
FNDA:2,(anonymous_70)
FNDA:1,(anonymous_71)
FNDA:6,(anonymous_72)
FNDA:4,(anonymous_73)
FNDA:2,(anonymous_74)
FNDA:3,(anonymous_75)
FNDA:3,(anonymous_76)
FNDA:2,(anonymous_77)
FNDA:2,(anonymous_78)
FNDA:1,(anonymous_79)
DA:5,7
DA:9,6
DA:16,3
DA:21,1
DA:22,3
DA:23,3
DA:24,3
DA:26,2
DA:30,2
DA:31,1
DA:32,1
DA:35,1
DA:36,1
DA:43,6
DA:47,4
DA:54,2
DA:59,1
DA:60,3
DA:61,3
DA:62,3
DA:64,2
DA:68,2
DA:69,1
DA:70,1
DA:73,1
DA:74,1
DA:81,6
DA:85,4
DA:92,2
DA:97,1
DA:98,3
DA:99,3
DA:100,3
DA:102,2
DA:106,2
DA:107,1
DA:108,1
DA:111,1
DA:112,1
DA:119,6
DA:123,4
DA:130,2
DA:135,1
DA:136,3
DA:137,3
DA:138,3
DA:140,2
DA:144,2
DA:145,1
DA:146,1
DA:149,1
DA:150,1
DA:157,6
DA:161,4
DA:168,2
DA:173,1
DA:174,3
DA:175,3
DA:176,3
DA:178,2
DA:182,2
DA:183,1
DA:184,1
DA:187,1
DA:188,1
DA:195,6
DA:199,4
DA:206,2
DA:211,1
DA:212,3
DA:213,3
DA:214,3
DA:216,2
DA:220,2
DA:221,1
DA:222,1
DA:225,1
DA:226,1
DA:233,6
DA:237,4
DA:244,2
DA:249,1
DA:250,3
DA:251,3
DA:252,3
DA:254,2
DA:258,2
DA:259,1
DA:260,1
DA:263,1
DA:264,1
DA:271,6
DA:275,4
DA:282,2
DA:287,1
DA:288,3
DA:289,3
DA:290,3
DA:292,2
DA:296,2
DA:297,1
DA:298,1
DA:301,1
DA:302,1
DA:309,6
DA:313,4
DA:320,2
DA:325,1
DA:326,3
DA:327,3
DA:328,3
DA:330,2
DA:334,2
DA:335,1
DA:336,1
DA:339,1
DA:340,1
DA:347,6
DA:351,4
DA:358,2
DA:363,1
DA:364,3
DA:365,3
DA:366,3
DA:368,2
DA:372,2
DA:373,1
DA:374,1
DA:377,1
DA:378,1
LF:130
LH:130
BRDA:10,0,0,3
BRDA:10,0,1,3
BRDA:30,1,0,1
BRDA:30,1,1,1
BRDA:48,2,0,2
BRDA:48,2,1,2
BRDA:68,3,0,1
BRDA:68,3,1,1
BRDA:86,4,0,2
BRDA:86,4,1,2
BRDA:106,5,0,1
BRDA:106,5,1,1
BRDA:124,6,0,2
BRDA:124,6,1,2
BRDA:144,7,0,1
BRDA:144,7,1,1
BRDA:162,8,0,2
BRDA:162,8,1,2
BRDA:182,9,0,1
BRDA:182,9,1,1
BRDA:200,10,0,2
BRDA:200,10,1,2
BRDA:220,11,0,1
BRDA:220,11,1,1
BRDA:238,12,0,2
BRDA:238,12,1,2
BRDA:258,13,0,1
BRDA:258,13,1,1
BRDA:276,14,0,2
BRDA:276,14,1,2
BRDA:296,15,0,1
BRDA:296,15,1,1
BRDA:314,16,0,2
BRDA:314,16,1,2
BRDA:334,17,0,1
BRDA:334,17,1,1
BRDA:352,18,0,2
BRDA:352,18,1,2
BRDA:372,19,0,1
BRDA:372,19,1,1
BRF:40
BRH:40
end_of_record
TN:
SF:src/redux/series/series.selectors.js
FN:3,(anonymous_0)
FN:4,(anonymous_1)
FN:5,(anonymous_2)
FN:6,(anonymous_3)
FN:7,(anonymous_4)
FN:8,(anonymous_5)
FN:9,(anonymous_6)
FN:10,(anonymous_7)
FN:11,(anonymous_8)
FN:12,(anonymous_9)
FN:16,(anonymous_10)
FN:21,(anonymous_11)
FN:26,(anonymous_12)
FN:31,(anonymous_13)
FN:36,(anonymous_14)
FN:41,(anonymous_15)
FN:46,(anonymous_16)
FN:51,(anonymous_17)
FN:56,(anonymous_18)
FN:61,(anonymous_19)
FNF:20
FNH:20
FNDA:4,(anonymous_0)
FNDA:4,(anonymous_1)
FNDA:4,(anonymous_2)
FNDA:4,(anonymous_3)
FNDA:4,(anonymous_4)
FNDA:4,(anonymous_5)
FNDA:4,(anonymous_6)
FNDA:4,(anonymous_7)
FNDA:4,(anonymous_8)
FNDA:4,(anonymous_9)
FNDA:2,(anonymous_10)
FNDA:2,(anonymous_11)
FNDA:2,(anonymous_12)
FNDA:2,(anonymous_13)
FNDA:2,(anonymous_14)
FNDA:2,(anonymous_15)
FNDA:2,(anonymous_16)
FNDA:2,(anonymous_17)
FNDA:2,(anonymous_18)
FNDA:2,(anonymous_19)
DA:3,4
DA:4,4
DA:5,4
DA:6,4
DA:7,4
DA:8,4
DA:9,4
DA:10,4
DA:11,4
DA:12,4
DA:14,1
DA:16,2
DA:19,1
DA:21,2
DA:24,1
DA:26,2
DA:29,1
DA:31,2
DA:34,1
DA:36,2
DA:39,1
DA:41,2
DA:44,1
DA:46,2
DA:49,1
DA:51,2
DA:54,1
DA:56,2
DA:59,1
DA:61,2
LF:30
LH:30
BRF:0
BRH:0
end_of_record
TN:
SF:src/redux/series/series.types.js
FNF:0
FNH:0
DA:1,13
LF:1
LH:1
BRF:0
BRH:0
end_of_record
TN:
SF:src/redux/series/trending.reducer.js
FN:9,(anonymous_0)
FNF:1
FNH:1
FNDA:17,(anonymous_0)
DA:3,3
DA:9,3
DA:10,17
DA:12,1
DA:17,1
DA:24,1
DA:31,1
DA:38,13
LF:8
LH:8
BRDA:9,0,0,10
BRDA:10,1,0,1
BRDA:10,1,1,1
BRDA:10,1,2,1
BRDA:10,1,3,1
BRDA:10,1,4,13
BRF:6
BRH:6
end_of_record
TN:
SF:src/utils/test-utils.js
FNF:0
FNH:0
LF:0
LH:0
BRF:0
BRH:0
end_of_record
